#! /usr/bin/vvp
:ivl_version "10.3 (stable)";
:ivl_delay_selection "TYPICAL";
:vpi_time_precision + 0;
:vpi_module "system";
:vpi_module "vhdl_sys";
:vpi_module "v2005_math";
:vpi_module "va_math";
S_0x55dc547df230 .scope module, "gshare_tb" "gshare_tb" 2 72;
 .timescale 0 0;
P_0x55dc547df3b0 .param/l "HISTORY_SIZE" 0 2 78, +C4<00000000000000000000000000000100>;
v0x55dc547f73e0_0 .var "addr", 31 0;
v0x55dc547f74c0_0 .var "branch", 0 0;
v0x55dc547f7560_0 .var "clock", 0 0;
v0x55dc547f7660_0 .var/i "i", 31 0;
v0x55dc547f7700_0 .var "reset", 0 0;
S_0x55dc547a2030 .scope module, "U0" "gshare" 2 105, 2 1 0, S_0x55dc547df230;
 .timescale 0 0;
    .port_info 0 /INPUT 1 "clk_i"
    .port_info 1 /INPUT 1 "reset_i"
    .port_info 2 /INPUT 32 "offset"
    .port_info 3 /INPUT 1 "branch_result"
    .port_info 4 /INPUT 32 "next_PC"
    .port_info 5 /OUTPUT 1 "prediction"
    .port_info 6 /OUTPUT 32 "predicted_PC"
P_0x55dc547a2200 .param/l "HISTORY_SIZE" 0 2 3, +C4<00000000000000000000000000000100>;
v0x55dc547ca8f0 .array "PC_prediction", 15 0, 31 0;
v0x55dc547b5de0_0 .net "branch_result", 0 0, v0x55dc547f74c0_0;  1 drivers
v0x55dc547b64a0_0 .net "clk_i", 0 0, v0x55dc547f7560_0;  1 drivers
v0x55dc547f6b30_0 .var "global_history", 3 0;
v0x55dc547f6c10_0 .var "global_history_prev", 3 0;
v0x55dc547f6d40_0 .var/i "i", 31 0;
v0x55dc547f6e20_0 .net "next_PC", 31 0, v0x55dc547f73e0_0;  1 drivers
o0x7fa3fe575138 .functor BUFZ 32, C4<zzzzzzzzzzzzzzzzzzzzzzzzzzzzzzzz>; HiZ drive
v0x55dc547f6f00_0 .net "offset", 31 0, o0x7fa3fe575138;  0 drivers
v0x55dc547f6fe0 .array "pattern_history", 15 0, 1 0;
v0x55dc547f70a0_0 .var "predicted_PC", 31 0;
v0x55dc547f7180_0 .var "prediction", 0 0;
v0x55dc547f7240_0 .net "reset_i", 0 0, v0x55dc547f7700_0;  1 drivers
E_0x55dc547d7df0 .event posedge, v0x55dc547b64a0_0;
    .scope S_0x55dc547a2030;
T_0 ;
    %wait E_0x55dc547d7df0;
    %load/vec4 v0x55dc547f7240_0;
    %flag_set/vec4 8;
    %jmp/0xz  T_0.0, 8;
    %pushi/vec4 0, 0, 4;
    %store/vec4 v0x55dc547f6b30_0, 0, 4;
    %pushi/vec4 0, 0, 4;
    %store/vec4 v0x55dc547f6c10_0, 0, 4;
    %jmp T_0.1;
T_0.0 ;
    %load/vec4 v0x55dc547f6b30_0;
    %load/vec4 v0x55dc547f6e20_0;
    %parti/s 4, 0, 2;
    %xor;
    %store/vec4 v0x55dc547f6c10_0, 0, 4;
    %load/vec4 v0x55dc547f6b30_0;
    %ix/load 4, 1, 0;
    %flag_set/imm 4, 0;
    %shiftr 4;
    %store/vec4 v0x55dc547f6b30_0, 0, 4;
    %load/vec4 v0x55dc547b5de0_0;
    %ix/load 4, 3, 0;
    %flag_set/imm 4, 0;
    %store/vec4 v0x55dc547f6b30_0, 4, 1;
T_0.1 ;
    %jmp T_0;
    .thread T_0;
    .scope S_0x55dc547a2030;
T_1 ;
    %wait E_0x55dc547d7df0;
    %load/vec4 v0x55dc547f6b30_0;
    %pad/u 6;
    %ix/vec4 4;
    %load/vec4a v0x55dc547f6fe0, 4;
    %parti/s 1, 1, 2;
    %store/vec4 v0x55dc547f7180_0, 0, 1;
    %load/vec4 v0x55dc547f6b30_0;
    %pad/u 6;
    %ix/vec4 4;
    %load/vec4a v0x55dc547ca8f0, 4;
    %store/vec4 v0x55dc547f70a0_0, 0, 32;
    %jmp T_1;
    .thread T_1;
    .scope S_0x55dc547a2030;
T_2 ;
    %wait E_0x55dc547d7df0;
    %load/vec4 v0x55dc547f7240_0;
    %flag_set/vec4 8;
    %jmp/0xz  T_2.0, 8;
    %pushi/vec4 0, 0, 32;
    %store/vec4 v0x55dc547f6d40_0, 0, 32;
T_2.2 ;
    %load/vec4 v0x55dc547f6d40_0;
    %cmpi/s 16, 0, 32;
    %jmp/0xz T_2.3, 5;
    %pushi/vec4 1, 0, 2;
    %ix/getv/s 4, v0x55dc547f6d40_0;
    %store/vec4a v0x55dc547f6fe0, 4, 0;
    %pushi/vec4 0, 0, 32;
    %ix/getv/s 4, v0x55dc547f6d40_0;
    %store/vec4a v0x55dc547ca8f0, 4, 0;
    %load/vec4 v0x55dc547f6d40_0;
    %addi 1, 0, 32;
    %store/vec4 v0x55dc547f6d40_0, 0, 32;
    %jmp T_2.2;
T_2.3 ;
    %jmp T_2.1;
T_2.0 ;
    %load/vec4 v0x55dc547b5de0_0;
    %pad/u 32;
    %pushi/vec4 1, 0, 32;
    %cmp/e;
    %flag_get/vec4 4;
    %load/vec4 v0x55dc547f6c10_0;
    %pad/u 6;
    %ix/vec4 4;
    %load/vec4a v0x55dc547f6fe0, 4;
    %pad/u 32;
    %pushi/vec4 11, 0, 32;
    %cmp/e;
    %flag_get/vec4 4;
    %inv;
    %and;
    %flag_set/vec4 8;
    %jmp/0xz  T_2.4, 8;
    %load/vec4 v0x55dc547f6c10_0;
    %pad/u 6;
    %ix/vec4 4;
    %load/vec4a v0x55dc547f6fe0, 4;
    %addi 1, 0, 2;
    %load/vec4 v0x55dc547f6c10_0;
    %pad/u 6;
    %ix/vec4 4;
    %store/vec4a v0x55dc547f6fe0, 4, 0;
    %load/vec4 v0x55dc547f6e20_0;
    %load/vec4 v0x55dc547f6c10_0;
    %pad/u 6;
    %ix/vec4 4;
    %store/vec4a v0x55dc547ca8f0, 4, 0;
T_2.4 ;
    %load/vec4 v0x55dc547b5de0_0;
    %pad/u 32;
    %pushi/vec4 0, 0, 32;
    %cmp/e;
    %flag_get/vec4 4;
    %load/vec4 v0x55dc547f6c10_0;
    %pad/u 6;
    %ix/vec4 4;
    %load/vec4a v0x55dc547f6fe0, 4;
    %pad/u 32;
    %pushi/vec4 0, 0, 32;
    %cmp/e;
    %flag_get/vec4 4;
    %inv;
    %and;
    %flag_set/vec4 8;
    %jmp/0xz  T_2.6, 8;
    %load/vec4 v0x55dc547f6c10_0;
    %pad/u 6;
    %ix/vec4 4;
    %load/vec4a v0x55dc547f6fe0, 4;
    %subi 1, 0, 2;
    %load/vec4 v0x55dc547f6c10_0;
    %pad/u 6;
    %ix/vec4 4;
    %store/vec4a v0x55dc547f6fe0, 4, 0;
T_2.6 ;
    %load/vec4 v0x55dc547f6c10_0;
    %pad/u 6;
    %ix/vec4 4;
    %load/vec4a v0x55dc547ca8f0, 4;
    %load/vec4 v0x55dc547f6f00_0;
    %add;
    %load/vec4 v0x55dc547f6c10_0;
    %pad/u 6;
    %ix/vec4 4;
    %store/vec4a v0x55dc547ca8f0, 4, 0;
T_2.1 ;
    %jmp T_2;
    .thread T_2;
    .scope S_0x55dc547df230;
T_3 ;
    %vpi_call 2 82 "$dumpfile", "test.vcd" {0 0 0};
    %vpi_call 2 83 "$dumpvars", 32'sb00000000000000000000000000000000 {0 0 0};
    %pushi/vec4 0, 0, 32;
    %store/vec4 v0x55dc547f7660_0, 0, 32;
T_3.0 ;
    %load/vec4 v0x55dc547f7660_0;
    %cmpi/s 16, 0, 32;
    %jmp/0xz T_3.1, 5;
    %vpi_call 2 85 "$dumpvars", 32'sb00000000000000000000000000000000, &A<v0x55dc547f6fe0, v0x55dc547f7660_0 > {0 0 0};
    %load/vec4 v0x55dc547f7660_0;
    %addi 1, 0, 32;
    %store/vec4 v0x55dc547f7660_0, 0, 32;
    %jmp T_3.0;
T_3.1 ;
    %pushi/vec4 0, 0, 1;
    %store/vec4 v0x55dc547f7560_0, 0, 1;
    %pushi/vec4 0, 0, 1;
    %store/vec4 v0x55dc547f7700_0, 0, 1;
    %delay 5, 0;
    %pushi/vec4 1, 0, 1;
    %store/vec4 v0x55dc547f7700_0, 0, 1;
    %delay 15, 0;
    %pushi/vec4 0, 0, 1;
    %store/vec4 v0x55dc547f7700_0, 0, 1;
    %pushi/vec4 0, 0, 1;
    %store/vec4 v0x55dc547f74c0_0, 0, 1;
    %delay 1000, 0;
    %vpi_call 2 93 "$finish" {0 0 0};
    %end;
    .thread T_3;
    .scope S_0x55dc547df230;
T_4 ;
    %wait E_0x55dc547d7df0;
    %vpi_func 2 97 "$random" 32 {0 0 0};
    %pad/s 1;
    %store/vec4 v0x55dc547f74c0_0, 0, 1;
    %vpi_func 2 98 "$random" 32 {0 0 0};
    %store/vec4 v0x55dc547f73e0_0, 0, 32;
    %jmp T_4;
    .thread T_4;
    .scope S_0x55dc547df230;
T_5 ;
    %delay 5, 0;
    %load/vec4 v0x55dc547f7560_0;
    %nor/r;
    %store/vec4 v0x55dc547f7560_0, 0, 1;
    %jmp T_5;
    .thread T_5;
# The file index is used to find the file name in the following table.
:file_names 3;
    "N/A";
    "<interactive>";
    "gshare2.v";
