#! /usr/bin/vvp
:ivl_version "10.3 (stable)";
:ivl_delay_selection "TYPICAL";
:vpi_time_precision + 0;
:vpi_module "system";
:vpi_module "vhdl_sys";
:vpi_module "v2005_math";
:vpi_module "va_math";
S_0x55f46b1d60d0 .scope module, "tournament" "tournament" 2 1;
 .timescale 0 0;
    .port_info 0 /INPUT 1 "reset"
    .port_info 1 /INPUT 1 "clock"
    .port_info 2 /INPUT 32 "PC"
    .port_info 3 /INPUT 1 "prediction_gh"
    .port_info 4 /INPUT 1 "prediction_ph"
    .port_info 5 /INPUT 32 "ph_PC"
    .port_info 6 /INPUT 32 "gh_PC"
    .port_info 7 /OUTPUT 32 "nex_PC"
P_0x55f46b1d5370 .param/l "n" 0 2 1, +C4<00000000000000000000000000100000>;
P_0x55f46b1d53b0 .param/l "size" 0 2 1, +C4<00000000000000000000000000010000>;
o0x7fa49edc9018 .functor BUFZ 32, C4<zzzzzzzzzzzzzzzzzzzzzzzzzzzzzzzz>; HiZ drive
v0x55f46b1ea9e0_0 .net "PC", 31 0, o0x7fa49edc9018;  0 drivers
v0x55f46b21fcc0 .array "Table", 0 31, 17 0;
o0x7fa49edc9048 .functor BUFZ 1, C4<z>; HiZ drive
v0x55f46b21fd80_0 .net "clock", 0 0, o0x7fa49edc9048;  0 drivers
o0x7fa49edc9078 .functor BUFZ 32, C4<zzzzzzzzzzzzzzzzzzzzzzzzzzzzzzzz>; HiZ drive
v0x55f46b21fe50_0 .net "gh_PC", 31 0, o0x7fa49edc9078;  0 drivers
v0x55f46b21ff30_0 .var "i", 0 0;
v0x55f46b220040_0 .var "j", 0 0;
v0x55f46b220100_0 .var "nex_PC", 31 0;
o0x7fa49edc9138 .functor BUFZ 32, C4<zzzzzzzzzzzzzzzzzzzzzzzzzzzzzzzz>; HiZ drive
v0x55f46b2201e0_0 .net "ph_PC", 31 0, o0x7fa49edc9138;  0 drivers
o0x7fa49edc9168 .functor BUFZ 1, C4<z>; HiZ drive
v0x55f46b2202c0_0 .net "prediction_gh", 0 0, o0x7fa49edc9168;  0 drivers
o0x7fa49edc9198 .functor BUFZ 1, C4<z>; HiZ drive
v0x55f46b220380_0 .net "prediction_ph", 0 0, o0x7fa49edc9198;  0 drivers
o0x7fa49edc91c8 .functor BUFZ 1, C4<z>; HiZ drive
v0x55f46b220440_0 .net "reset", 0 0, o0x7fa49edc91c8;  0 drivers
v0x55f46b220500 .array "table_states", 0 1, 17 0;
E_0x55f46b20b9e0 .event posedge, v0x55f46b21fd80_0;
E_0x55f46b20bbe0 .event edge, v0x55f46b2201e0_0;
    .scope S_0x55f46b1d60d0;
T_0 ;
    %wait E_0x55f46b20bbe0;
    %load/vec4 v0x55f46b2201e0_0;
    %store/vec4 v0x55f46b220100_0, 0, 32;
    %jmp T_0;
    .thread T_0, $push;
    .scope S_0x55f46b1d60d0;
T_1 ;
    %wait E_0x55f46b20b9e0;
    %load/vec4 v0x55f46b220440_0;
    %flag_set/vec4 8;
    %jmp/0xz  T_1.0, 8;
    %pushi/vec4 0, 0, 1;
    %store/vec4 v0x55f46b21ff30_0, 0, 1;
T_1.2 ;
    %load/vec4 v0x55f46b21ff30_0;
    %pad/u 32;
    %cmpi/u 32, 0, 32;
    %flag_or 5, 4;
    %jmp/0xz T_1.3, 5;
    %pushi/vec4 0, 0, 1;
    %store/vec4 v0x55f46b220040_0, 0, 1;
T_1.4 ;
    %load/vec4 v0x55f46b21ff30_0;
    %pad/u 32;
    %cmpi/u 2, 0, 32;
    %flag_get/vec4 4;
    %flag_get/vec4 5;
    %or;
    %pad/u 32;
    %pushi/vec4 16, 0, 32;
    %xor;
    %or/r;
    %flag_set/vec4 8;
    %jmp/0xz T_1.5, 8;
    %pushi/vec4 0, 0, 1;
    %load/vec4 v0x55f46b21ff30_0;
    %pad/u 7;
    %ix/vec4 4;
    %flag_mov 8, 4;
    %ix/getv 5, v0x55f46b220040_0;
    %flag_or 8, 4;
    %ix/load 6, 0, 0; Constant delay
    %ix/mov 3, 4;
    %flag_mov 4, 8;
    %assign/vec4/a/d v0x55f46b21fcc0, 5, 6;
    %load/vec4 v0x55f46b220040_0;
    %pushi/vec4 1, 0, 1;
    %add;
    %store/vec4 v0x55f46b220040_0, 0, 1;
    %jmp T_1.4;
T_1.5 ;
    %pushi/vec4 0, 0, 1;
    %store/vec4 v0x55f46b220040_0, 0, 1;
T_1.6 ;
    %load/vec4 v0x55f46b21ff30_0;
    %pad/u 32;
    %cmpi/u 2, 0, 32;
    %flag_or 5, 4;
    %jmp/0xz T_1.7, 5;
    %pushi/vec4 0, 0, 1;
    %load/vec4 v0x55f46b21ff30_0;
    %pad/u 3;
    %ix/vec4 4;
    %flag_mov 8, 4;
    %ix/getv 5, v0x55f46b220040_0;
    %flag_or 8, 4;
    %ix/load 6, 0, 0; Constant delay
    %ix/mov 3, 4;
    %flag_mov 4, 8;
    %assign/vec4/a/d v0x55f46b220500, 5, 6;
    %load/vec4 v0x55f46b220040_0;
    %pushi/vec4 1, 0, 1;
    %add;
    %store/vec4 v0x55f46b220040_0, 0, 1;
    %jmp T_1.6;
T_1.7 ;
    %load/vec4 v0x55f46b21ff30_0;
    %pushi/vec4 1, 0, 1;
    %add;
    %store/vec4 v0x55f46b21ff30_0, 0, 1;
    %jmp T_1.2;
T_1.3 ;
T_1.0 ;
    %jmp T_1;
    .thread T_1;
# The file index is used to find the file name in the following table.
:file_names 3;
    "N/A";
    "<interactive>";
    "tournament.v";
