#! /usr/bin/vvp
:ivl_version "10.3 (stable)";
:ivl_delay_selection "TYPICAL";
:vpi_time_precision + 0;
:vpi_module "system";
:vpi_module "vhdl_sys";
:vpi_module "v2005_math";
:vpi_module "va_math";
S_0x557040c554f0 .scope module, "tournament" "tournament" 2 1;
 .timescale 0 0;
    .port_info 0 /INPUT 1 "reset"
    .port_info 1 /INPUT 1 "clock"
    .port_info 2 /INPUT 1 "fix_result"
    .port_info 3 /INPUT 32 "PC"
    .port_info 4 /INPUT 1 "prediction_gh"
    .port_info 5 /INPUT 1 "prediction_ph"
    .port_info 6 /INPUT 32 "ph_PC"
    .port_info 7 /INPUT 32 "gh_PC"
    .port_info 8 /OUTPUT 32 "nex_PC"
    .port_info 9 /OUTPUT 1 "prediction"
P_0x557040be2030 .param/l "delta_t" 0 2 1, +C4<00000000000000000000000000000100>;
P_0x557040be2070 .param/l "n" 0 2 1, +C4<00000000000000000000000000100000>;
P_0x557040be20b0 .param/l "size" 0 2 1, +C4<00000000000000000000000000010000>;
o0x7fca199dd018 .functor BUFZ 32, C4<zzzzzzzzzzzzzzzzzzzzzzzzzzzzzzzz>; HiZ drive
v0x557040be22c0_0 .net "PC", 31 0, o0x7fca199dd018;  0 drivers
o0x7fca199dd048 .functor BUFZ 1, C4<z>; HiZ drive
v0x557040c790a0_0 .net "clock", 0 0, o0x7fca199dd048;  0 drivers
v0x557040c79160_0 .var "fifo_gh", 3 0;
v0x557040c79220_0 .var "fifo_ph", 3 0;
v0x557040c79300_0 .var "fifo_prediction", 3 0;
o0x7fca199dd108 .functor BUFZ 1, C4<z>; HiZ drive
v0x557040c79430_0 .net "fix_result", 0 0, o0x7fca199dd108;  0 drivers
o0x7fca199dd138 .functor BUFZ 32, C4<zzzzzzzzzzzzzzzzzzzzzzzzzzzzzzzz>; HiZ drive
v0x557040c794f0_0 .net "gh_PC", 31 0, o0x7fca199dd138;  0 drivers
v0x557040c795d0_0 .var "hit", 31 0;
v0x557040c796b0_0 .var/i "i", 31 0;
v0x557040c79790_0 .var "miss", 31 0;
v0x557040c79870_0 .var "nex_PC", 31 0;
o0x7fca199dd228 .functor BUFZ 32, C4<zzzzzzzzzzzzzzzzzzzzzzzzzzzzzzzz>; HiZ drive
v0x557040c79950_0 .net "ph_PC", 31 0, o0x7fca199dd228;  0 drivers
v0x557040c79a30_0 .var "prediction", 0 0;
v0x557040c79af0_0 .var "prediction_dt", 0 0;
o0x7fca199dd2b8 .functor BUFZ 1, C4<z>; HiZ drive
v0x557040c79bb0_0 .net "prediction_gh", 0 0, o0x7fca199dd2b8;  0 drivers
v0x557040c79c70_0 .var "prediction_gh_dt", 0 0;
o0x7fca199dd318 .functor BUFZ 1, C4<z>; HiZ drive
v0x557040c79d30_0 .net "prediction_ph", 0 0, o0x7fca199dd318;  0 drivers
v0x557040c79df0_0 .var "prediction_ph_dt", 0 0;
o0x7fca199dd378 .functor BUFZ 1, C4<z>; HiZ drive
v0x557040c79eb0_0 .net "reset", 0 0, o0x7fca199dd378;  0 drivers
v0x557040c79f70_0 .var "swich", 1 0;
v0x557040c7a050 .array "table_states", 1000 0, 1 0;
E_0x557040c1afb0 .event posedge, v0x557040c790a0_0;
v0x557040c7a050_0 .array/port v0x557040c7a050, 0;
E_0x557040be2990/0 .event edge, v0x557040c79eb0_0, v0x557040c796b0_0, v0x557040be22c0_0, v0x557040c7a050_0;
v0x557040c7a050_1 .array/port v0x557040c7a050, 1;
v0x557040c7a050_2 .array/port v0x557040c7a050, 2;
v0x557040c7a050_3 .array/port v0x557040c7a050, 3;
v0x557040c7a050_4 .array/port v0x557040c7a050, 4;
E_0x557040be2990/1 .event edge, v0x557040c7a050_1, v0x557040c7a050_2, v0x557040c7a050_3, v0x557040c7a050_4;
v0x557040c7a050_5 .array/port v0x557040c7a050, 5;
v0x557040c7a050_6 .array/port v0x557040c7a050, 6;
v0x557040c7a050_7 .array/port v0x557040c7a050, 7;
v0x557040c7a050_8 .array/port v0x557040c7a050, 8;
E_0x557040be2990/2 .event edge, v0x557040c7a050_5, v0x557040c7a050_6, v0x557040c7a050_7, v0x557040c7a050_8;
v0x557040c7a050_9 .array/port v0x557040c7a050, 9;
v0x557040c7a050_10 .array/port v0x557040c7a050, 10;
v0x557040c7a050_11 .array/port v0x557040c7a050, 11;
v0x557040c7a050_12 .array/port v0x557040c7a050, 12;
E_0x557040be2990/3 .event edge, v0x557040c7a050_9, v0x557040c7a050_10, v0x557040c7a050_11, v0x557040c7a050_12;
v0x557040c7a050_13 .array/port v0x557040c7a050, 13;
v0x557040c7a050_14 .array/port v0x557040c7a050, 14;
v0x557040c7a050_15 .array/port v0x557040c7a050, 15;
v0x557040c7a050_16 .array/port v0x557040c7a050, 16;
E_0x557040be2990/4 .event edge, v0x557040c7a050_13, v0x557040c7a050_14, v0x557040c7a050_15, v0x557040c7a050_16;
v0x557040c7a050_17 .array/port v0x557040c7a050, 17;
v0x557040c7a050_18 .array/port v0x557040c7a050, 18;
v0x557040c7a050_19 .array/port v0x557040c7a050, 19;
v0x557040c7a050_20 .array/port v0x557040c7a050, 20;
E_0x557040be2990/5 .event edge, v0x557040c7a050_17, v0x557040c7a050_18, v0x557040c7a050_19, v0x557040c7a050_20;
v0x557040c7a050_21 .array/port v0x557040c7a050, 21;
v0x557040c7a050_22 .array/port v0x557040c7a050, 22;
v0x557040c7a050_23 .array/port v0x557040c7a050, 23;
v0x557040c7a050_24 .array/port v0x557040c7a050, 24;
E_0x557040be2990/6 .event edge, v0x557040c7a050_21, v0x557040c7a050_22, v0x557040c7a050_23, v0x557040c7a050_24;
v0x557040c7a050_25 .array/port v0x557040c7a050, 25;
v0x557040c7a050_26 .array/port v0x557040c7a050, 26;
v0x557040c7a050_27 .array/port v0x557040c7a050, 27;
v0x557040c7a050_28 .array/port v0x557040c7a050, 28;
E_0x557040be2990/7 .event edge, v0x557040c7a050_25, v0x557040c7a050_26, v0x557040c7a050_27, v0x557040c7a050_28;
v0x557040c7a050_29 .array/port v0x557040c7a050, 29;
v0x557040c7a050_30 .array/port v0x557040c7a050, 30;
v0x557040c7a050_31 .array/port v0x557040c7a050, 31;
v0x557040c7a050_32 .array/port v0x557040c7a050, 32;
E_0x557040be2990/8 .event edge, v0x557040c7a050_29, v0x557040c7a050_30, v0x557040c7a050_31, v0x557040c7a050_32;
v0x557040c7a050_33 .array/port v0x557040c7a050, 33;
v0x557040c7a050_34 .array/port v0x557040c7a050, 34;
v0x557040c7a050_35 .array/port v0x557040c7a050, 35;
v0x557040c7a050_36 .array/port v0x557040c7a050, 36;
E_0x557040be2990/9 .event edge, v0x557040c7a050_33, v0x557040c7a050_34, v0x557040c7a050_35, v0x557040c7a050_36;
v0x557040c7a050_37 .array/port v0x557040c7a050, 37;
v0x557040c7a050_38 .array/port v0x557040c7a050, 38;
v0x557040c7a050_39 .array/port v0x557040c7a050, 39;
v0x557040c7a050_40 .array/port v0x557040c7a050, 40;
E_0x557040be2990/10 .event edge, v0x557040c7a050_37, v0x557040c7a050_38, v0x557040c7a050_39, v0x557040c7a050_40;
v0x557040c7a050_41 .array/port v0x557040c7a050, 41;
v0x557040c7a050_42 .array/port v0x557040c7a050, 42;
v0x557040c7a050_43 .array/port v0x557040c7a050, 43;
v0x557040c7a050_44 .array/port v0x557040c7a050, 44;
E_0x557040be2990/11 .event edge, v0x557040c7a050_41, v0x557040c7a050_42, v0x557040c7a050_43, v0x557040c7a050_44;
v0x557040c7a050_45 .array/port v0x557040c7a050, 45;
v0x557040c7a050_46 .array/port v0x557040c7a050, 46;
v0x557040c7a050_47 .array/port v0x557040c7a050, 47;
v0x557040c7a050_48 .array/port v0x557040c7a050, 48;
E_0x557040be2990/12 .event edge, v0x557040c7a050_45, v0x557040c7a050_46, v0x557040c7a050_47, v0x557040c7a050_48;
v0x557040c7a050_49 .array/port v0x557040c7a050, 49;
v0x557040c7a050_50 .array/port v0x557040c7a050, 50;
v0x557040c7a050_51 .array/port v0x557040c7a050, 51;
v0x557040c7a050_52 .array/port v0x557040c7a050, 52;
E_0x557040be2990/13 .event edge, v0x557040c7a050_49, v0x557040c7a050_50, v0x557040c7a050_51, v0x557040c7a050_52;
v0x557040c7a050_53 .array/port v0x557040c7a050, 53;
v0x557040c7a050_54 .array/port v0x557040c7a050, 54;
v0x557040c7a050_55 .array/port v0x557040c7a050, 55;
v0x557040c7a050_56 .array/port v0x557040c7a050, 56;
E_0x557040be2990/14 .event edge, v0x557040c7a050_53, v0x557040c7a050_54, v0x557040c7a050_55, v0x557040c7a050_56;
v0x557040c7a050_57 .array/port v0x557040c7a050, 57;
v0x557040c7a050_58 .array/port v0x557040c7a050, 58;
v0x557040c7a050_59 .array/port v0x557040c7a050, 59;
v0x557040c7a050_60 .array/port v0x557040c7a050, 60;
E_0x557040be2990/15 .event edge, v0x557040c7a050_57, v0x557040c7a050_58, v0x557040c7a050_59, v0x557040c7a050_60;
v0x557040c7a050_61 .array/port v0x557040c7a050, 61;
v0x557040c7a050_62 .array/port v0x557040c7a050, 62;
v0x557040c7a050_63 .array/port v0x557040c7a050, 63;
v0x557040c7a050_64 .array/port v0x557040c7a050, 64;
E_0x557040be2990/16 .event edge, v0x557040c7a050_61, v0x557040c7a050_62, v0x557040c7a050_63, v0x557040c7a050_64;
v0x557040c7a050_65 .array/port v0x557040c7a050, 65;
v0x557040c7a050_66 .array/port v0x557040c7a050, 66;
v0x557040c7a050_67 .array/port v0x557040c7a050, 67;
v0x557040c7a050_68 .array/port v0x557040c7a050, 68;
E_0x557040be2990/17 .event edge, v0x557040c7a050_65, v0x557040c7a050_66, v0x557040c7a050_67, v0x557040c7a050_68;
v0x557040c7a050_69 .array/port v0x557040c7a050, 69;
v0x557040c7a050_70 .array/port v0x557040c7a050, 70;
v0x557040c7a050_71 .array/port v0x557040c7a050, 71;
v0x557040c7a050_72 .array/port v0x557040c7a050, 72;
E_0x557040be2990/18 .event edge, v0x557040c7a050_69, v0x557040c7a050_70, v0x557040c7a050_71, v0x557040c7a050_72;
v0x557040c7a050_73 .array/port v0x557040c7a050, 73;
v0x557040c7a050_74 .array/port v0x557040c7a050, 74;
v0x557040c7a050_75 .array/port v0x557040c7a050, 75;
v0x557040c7a050_76 .array/port v0x557040c7a050, 76;
E_0x557040be2990/19 .event edge, v0x557040c7a050_73, v0x557040c7a050_74, v0x557040c7a050_75, v0x557040c7a050_76;
v0x557040c7a050_77 .array/port v0x557040c7a050, 77;
v0x557040c7a050_78 .array/port v0x557040c7a050, 78;
v0x557040c7a050_79 .array/port v0x557040c7a050, 79;
v0x557040c7a050_80 .array/port v0x557040c7a050, 80;
E_0x557040be2990/20 .event edge, v0x557040c7a050_77, v0x557040c7a050_78, v0x557040c7a050_79, v0x557040c7a050_80;
v0x557040c7a050_81 .array/port v0x557040c7a050, 81;
v0x557040c7a050_82 .array/port v0x557040c7a050, 82;
v0x557040c7a050_83 .array/port v0x557040c7a050, 83;
v0x557040c7a050_84 .array/port v0x557040c7a050, 84;
E_0x557040be2990/21 .event edge, v0x557040c7a050_81, v0x557040c7a050_82, v0x557040c7a050_83, v0x557040c7a050_84;
v0x557040c7a050_85 .array/port v0x557040c7a050, 85;
v0x557040c7a050_86 .array/port v0x557040c7a050, 86;
v0x557040c7a050_87 .array/port v0x557040c7a050, 87;
v0x557040c7a050_88 .array/port v0x557040c7a050, 88;
E_0x557040be2990/22 .event edge, v0x557040c7a050_85, v0x557040c7a050_86, v0x557040c7a050_87, v0x557040c7a050_88;
v0x557040c7a050_89 .array/port v0x557040c7a050, 89;
v0x557040c7a050_90 .array/port v0x557040c7a050, 90;
v0x557040c7a050_91 .array/port v0x557040c7a050, 91;
v0x557040c7a050_92 .array/port v0x557040c7a050, 92;
E_0x557040be2990/23 .event edge, v0x557040c7a050_89, v0x557040c7a050_90, v0x557040c7a050_91, v0x557040c7a050_92;
v0x557040c7a050_93 .array/port v0x557040c7a050, 93;
v0x557040c7a050_94 .array/port v0x557040c7a050, 94;
v0x557040c7a050_95 .array/port v0x557040c7a050, 95;
v0x557040c7a050_96 .array/port v0x557040c7a050, 96;
E_0x557040be2990/24 .event edge, v0x557040c7a050_93, v0x557040c7a050_94, v0x557040c7a050_95, v0x557040c7a050_96;
v0x557040c7a050_97 .array/port v0x557040c7a050, 97;
v0x557040c7a050_98 .array/port v0x557040c7a050, 98;
v0x557040c7a050_99 .array/port v0x557040c7a050, 99;
v0x557040c7a050_100 .array/port v0x557040c7a050, 100;
E_0x557040be2990/25 .event edge, v0x557040c7a050_97, v0x557040c7a050_98, v0x557040c7a050_99, v0x557040c7a050_100;
v0x557040c7a050_101 .array/port v0x557040c7a050, 101;
v0x557040c7a050_102 .array/port v0x557040c7a050, 102;
v0x557040c7a050_103 .array/port v0x557040c7a050, 103;
v0x557040c7a050_104 .array/port v0x557040c7a050, 104;
E_0x557040be2990/26 .event edge, v0x557040c7a050_101, v0x557040c7a050_102, v0x557040c7a050_103, v0x557040c7a050_104;
v0x557040c7a050_105 .array/port v0x557040c7a050, 105;
v0x557040c7a050_106 .array/port v0x557040c7a050, 106;
v0x557040c7a050_107 .array/port v0x557040c7a050, 107;
v0x557040c7a050_108 .array/port v0x557040c7a050, 108;
E_0x557040be2990/27 .event edge, v0x557040c7a050_105, v0x557040c7a050_106, v0x557040c7a050_107, v0x557040c7a050_108;
v0x557040c7a050_109 .array/port v0x557040c7a050, 109;
v0x557040c7a050_110 .array/port v0x557040c7a050, 110;
v0x557040c7a050_111 .array/port v0x557040c7a050, 111;
v0x557040c7a050_112 .array/port v0x557040c7a050, 112;
E_0x557040be2990/28 .event edge, v0x557040c7a050_109, v0x557040c7a050_110, v0x557040c7a050_111, v0x557040c7a050_112;
v0x557040c7a050_113 .array/port v0x557040c7a050, 113;
v0x557040c7a050_114 .array/port v0x557040c7a050, 114;
v0x557040c7a050_115 .array/port v0x557040c7a050, 115;
v0x557040c7a050_116 .array/port v0x557040c7a050, 116;
E_0x557040be2990/29 .event edge, v0x557040c7a050_113, v0x557040c7a050_114, v0x557040c7a050_115, v0x557040c7a050_116;
v0x557040c7a050_117 .array/port v0x557040c7a050, 117;
v0x557040c7a050_118 .array/port v0x557040c7a050, 118;
v0x557040c7a050_119 .array/port v0x557040c7a050, 119;
v0x557040c7a050_120 .array/port v0x557040c7a050, 120;
E_0x557040be2990/30 .event edge, v0x557040c7a050_117, v0x557040c7a050_118, v0x557040c7a050_119, v0x557040c7a050_120;
v0x557040c7a050_121 .array/port v0x557040c7a050, 121;
v0x557040c7a050_122 .array/port v0x557040c7a050, 122;
v0x557040c7a050_123 .array/port v0x557040c7a050, 123;
v0x557040c7a050_124 .array/port v0x557040c7a050, 124;
E_0x557040be2990/31 .event edge, v0x557040c7a050_121, v0x557040c7a050_122, v0x557040c7a050_123, v0x557040c7a050_124;
v0x557040c7a050_125 .array/port v0x557040c7a050, 125;
v0x557040c7a050_126 .array/port v0x557040c7a050, 126;
v0x557040c7a050_127 .array/port v0x557040c7a050, 127;
v0x557040c7a050_128 .array/port v0x557040c7a050, 128;
E_0x557040be2990/32 .event edge, v0x557040c7a050_125, v0x557040c7a050_126, v0x557040c7a050_127, v0x557040c7a050_128;
v0x557040c7a050_129 .array/port v0x557040c7a050, 129;
v0x557040c7a050_130 .array/port v0x557040c7a050, 130;
v0x557040c7a050_131 .array/port v0x557040c7a050, 131;
v0x557040c7a050_132 .array/port v0x557040c7a050, 132;
E_0x557040be2990/33 .event edge, v0x557040c7a050_129, v0x557040c7a050_130, v0x557040c7a050_131, v0x557040c7a050_132;
v0x557040c7a050_133 .array/port v0x557040c7a050, 133;
v0x557040c7a050_134 .array/port v0x557040c7a050, 134;
v0x557040c7a050_135 .array/port v0x557040c7a050, 135;
v0x557040c7a050_136 .array/port v0x557040c7a050, 136;
E_0x557040be2990/34 .event edge, v0x557040c7a050_133, v0x557040c7a050_134, v0x557040c7a050_135, v0x557040c7a050_136;
v0x557040c7a050_137 .array/port v0x557040c7a050, 137;
v0x557040c7a050_138 .array/port v0x557040c7a050, 138;
v0x557040c7a050_139 .array/port v0x557040c7a050, 139;
v0x557040c7a050_140 .array/port v0x557040c7a050, 140;
E_0x557040be2990/35 .event edge, v0x557040c7a050_137, v0x557040c7a050_138, v0x557040c7a050_139, v0x557040c7a050_140;
v0x557040c7a050_141 .array/port v0x557040c7a050, 141;
v0x557040c7a050_142 .array/port v0x557040c7a050, 142;
v0x557040c7a050_143 .array/port v0x557040c7a050, 143;
v0x557040c7a050_144 .array/port v0x557040c7a050, 144;
E_0x557040be2990/36 .event edge, v0x557040c7a050_141, v0x557040c7a050_142, v0x557040c7a050_143, v0x557040c7a050_144;
v0x557040c7a050_145 .array/port v0x557040c7a050, 145;
v0x557040c7a050_146 .array/port v0x557040c7a050, 146;
v0x557040c7a050_147 .array/port v0x557040c7a050, 147;
v0x557040c7a050_148 .array/port v0x557040c7a050, 148;
E_0x557040be2990/37 .event edge, v0x557040c7a050_145, v0x557040c7a050_146, v0x557040c7a050_147, v0x557040c7a050_148;
v0x557040c7a050_149 .array/port v0x557040c7a050, 149;
v0x557040c7a050_150 .array/port v0x557040c7a050, 150;
v0x557040c7a050_151 .array/port v0x557040c7a050, 151;
v0x557040c7a050_152 .array/port v0x557040c7a050, 152;
E_0x557040be2990/38 .event edge, v0x557040c7a050_149, v0x557040c7a050_150, v0x557040c7a050_151, v0x557040c7a050_152;
v0x557040c7a050_153 .array/port v0x557040c7a050, 153;
v0x557040c7a050_154 .array/port v0x557040c7a050, 154;
v0x557040c7a050_155 .array/port v0x557040c7a050, 155;
v0x557040c7a050_156 .array/port v0x557040c7a050, 156;
E_0x557040be2990/39 .event edge, v0x557040c7a050_153, v0x557040c7a050_154, v0x557040c7a050_155, v0x557040c7a050_156;
v0x557040c7a050_157 .array/port v0x557040c7a050, 157;
v0x557040c7a050_158 .array/port v0x557040c7a050, 158;
v0x557040c7a050_159 .array/port v0x557040c7a050, 159;
v0x557040c7a050_160 .array/port v0x557040c7a050, 160;
E_0x557040be2990/40 .event edge, v0x557040c7a050_157, v0x557040c7a050_158, v0x557040c7a050_159, v0x557040c7a050_160;
v0x557040c7a050_161 .array/port v0x557040c7a050, 161;
v0x557040c7a050_162 .array/port v0x557040c7a050, 162;
v0x557040c7a050_163 .array/port v0x557040c7a050, 163;
v0x557040c7a050_164 .array/port v0x557040c7a050, 164;
E_0x557040be2990/41 .event edge, v0x557040c7a050_161, v0x557040c7a050_162, v0x557040c7a050_163, v0x557040c7a050_164;
v0x557040c7a050_165 .array/port v0x557040c7a050, 165;
v0x557040c7a050_166 .array/port v0x557040c7a050, 166;
v0x557040c7a050_167 .array/port v0x557040c7a050, 167;
v0x557040c7a050_168 .array/port v0x557040c7a050, 168;
E_0x557040be2990/42 .event edge, v0x557040c7a050_165, v0x557040c7a050_166, v0x557040c7a050_167, v0x557040c7a050_168;
v0x557040c7a050_169 .array/port v0x557040c7a050, 169;
v0x557040c7a050_170 .array/port v0x557040c7a050, 170;
v0x557040c7a050_171 .array/port v0x557040c7a050, 171;
v0x557040c7a050_172 .array/port v0x557040c7a050, 172;
E_0x557040be2990/43 .event edge, v0x557040c7a050_169, v0x557040c7a050_170, v0x557040c7a050_171, v0x557040c7a050_172;
v0x557040c7a050_173 .array/port v0x557040c7a050, 173;
v0x557040c7a050_174 .array/port v0x557040c7a050, 174;
v0x557040c7a050_175 .array/port v0x557040c7a050, 175;
v0x557040c7a050_176 .array/port v0x557040c7a050, 176;
E_0x557040be2990/44 .event edge, v0x557040c7a050_173, v0x557040c7a050_174, v0x557040c7a050_175, v0x557040c7a050_176;
v0x557040c7a050_177 .array/port v0x557040c7a050, 177;
v0x557040c7a050_178 .array/port v0x557040c7a050, 178;
v0x557040c7a050_179 .array/port v0x557040c7a050, 179;
v0x557040c7a050_180 .array/port v0x557040c7a050, 180;
E_0x557040be2990/45 .event edge, v0x557040c7a050_177, v0x557040c7a050_178, v0x557040c7a050_179, v0x557040c7a050_180;
v0x557040c7a050_181 .array/port v0x557040c7a050, 181;
v0x557040c7a050_182 .array/port v0x557040c7a050, 182;
v0x557040c7a050_183 .array/port v0x557040c7a050, 183;
v0x557040c7a050_184 .array/port v0x557040c7a050, 184;
E_0x557040be2990/46 .event edge, v0x557040c7a050_181, v0x557040c7a050_182, v0x557040c7a050_183, v0x557040c7a050_184;
v0x557040c7a050_185 .array/port v0x557040c7a050, 185;
v0x557040c7a050_186 .array/port v0x557040c7a050, 186;
v0x557040c7a050_187 .array/port v0x557040c7a050, 187;
v0x557040c7a050_188 .array/port v0x557040c7a050, 188;
E_0x557040be2990/47 .event edge, v0x557040c7a050_185, v0x557040c7a050_186, v0x557040c7a050_187, v0x557040c7a050_188;
v0x557040c7a050_189 .array/port v0x557040c7a050, 189;
v0x557040c7a050_190 .array/port v0x557040c7a050, 190;
v0x557040c7a050_191 .array/port v0x557040c7a050, 191;
v0x557040c7a050_192 .array/port v0x557040c7a050, 192;
E_0x557040be2990/48 .event edge, v0x557040c7a050_189, v0x557040c7a050_190, v0x557040c7a050_191, v0x557040c7a050_192;
v0x557040c7a050_193 .array/port v0x557040c7a050, 193;
v0x557040c7a050_194 .array/port v0x557040c7a050, 194;
v0x557040c7a050_195 .array/port v0x557040c7a050, 195;
v0x557040c7a050_196 .array/port v0x557040c7a050, 196;
E_0x557040be2990/49 .event edge, v0x557040c7a050_193, v0x557040c7a050_194, v0x557040c7a050_195, v0x557040c7a050_196;
v0x557040c7a050_197 .array/port v0x557040c7a050, 197;
v0x557040c7a050_198 .array/port v0x557040c7a050, 198;
v0x557040c7a050_199 .array/port v0x557040c7a050, 199;
v0x557040c7a050_200 .array/port v0x557040c7a050, 200;
E_0x557040be2990/50 .event edge, v0x557040c7a050_197, v0x557040c7a050_198, v0x557040c7a050_199, v0x557040c7a050_200;
v0x557040c7a050_201 .array/port v0x557040c7a050, 201;
v0x557040c7a050_202 .array/port v0x557040c7a050, 202;
v0x557040c7a050_203 .array/port v0x557040c7a050, 203;
v0x557040c7a050_204 .array/port v0x557040c7a050, 204;
E_0x557040be2990/51 .event edge, v0x557040c7a050_201, v0x557040c7a050_202, v0x557040c7a050_203, v0x557040c7a050_204;
v0x557040c7a050_205 .array/port v0x557040c7a050, 205;
v0x557040c7a050_206 .array/port v0x557040c7a050, 206;
v0x557040c7a050_207 .array/port v0x557040c7a050, 207;
v0x557040c7a050_208 .array/port v0x557040c7a050, 208;
E_0x557040be2990/52 .event edge, v0x557040c7a050_205, v0x557040c7a050_206, v0x557040c7a050_207, v0x557040c7a050_208;
v0x557040c7a050_209 .array/port v0x557040c7a050, 209;
v0x557040c7a050_210 .array/port v0x557040c7a050, 210;
v0x557040c7a050_211 .array/port v0x557040c7a050, 211;
v0x557040c7a050_212 .array/port v0x557040c7a050, 212;
E_0x557040be2990/53 .event edge, v0x557040c7a050_209, v0x557040c7a050_210, v0x557040c7a050_211, v0x557040c7a050_212;
v0x557040c7a050_213 .array/port v0x557040c7a050, 213;
v0x557040c7a050_214 .array/port v0x557040c7a050, 214;
v0x557040c7a050_215 .array/port v0x557040c7a050, 215;
v0x557040c7a050_216 .array/port v0x557040c7a050, 216;
E_0x557040be2990/54 .event edge, v0x557040c7a050_213, v0x557040c7a050_214, v0x557040c7a050_215, v0x557040c7a050_216;
v0x557040c7a050_217 .array/port v0x557040c7a050, 217;
v0x557040c7a050_218 .array/port v0x557040c7a050, 218;
v0x557040c7a050_219 .array/port v0x557040c7a050, 219;
v0x557040c7a050_220 .array/port v0x557040c7a050, 220;
E_0x557040be2990/55 .event edge, v0x557040c7a050_217, v0x557040c7a050_218, v0x557040c7a050_219, v0x557040c7a050_220;
v0x557040c7a050_221 .array/port v0x557040c7a050, 221;
v0x557040c7a050_222 .array/port v0x557040c7a050, 222;
v0x557040c7a050_223 .array/port v0x557040c7a050, 223;
v0x557040c7a050_224 .array/port v0x557040c7a050, 224;
E_0x557040be2990/56 .event edge, v0x557040c7a050_221, v0x557040c7a050_222, v0x557040c7a050_223, v0x557040c7a050_224;
v0x557040c7a050_225 .array/port v0x557040c7a050, 225;
v0x557040c7a050_226 .array/port v0x557040c7a050, 226;
v0x557040c7a050_227 .array/port v0x557040c7a050, 227;
v0x557040c7a050_228 .array/port v0x557040c7a050, 228;
E_0x557040be2990/57 .event edge, v0x557040c7a050_225, v0x557040c7a050_226, v0x557040c7a050_227, v0x557040c7a050_228;
v0x557040c7a050_229 .array/port v0x557040c7a050, 229;
v0x557040c7a050_230 .array/port v0x557040c7a050, 230;
v0x557040c7a050_231 .array/port v0x557040c7a050, 231;
v0x557040c7a050_232 .array/port v0x557040c7a050, 232;
E_0x557040be2990/58 .event edge, v0x557040c7a050_229, v0x557040c7a050_230, v0x557040c7a050_231, v0x557040c7a050_232;
v0x557040c7a050_233 .array/port v0x557040c7a050, 233;
v0x557040c7a050_234 .array/port v0x557040c7a050, 234;
v0x557040c7a050_235 .array/port v0x557040c7a050, 235;
v0x557040c7a050_236 .array/port v0x557040c7a050, 236;
E_0x557040be2990/59 .event edge, v0x557040c7a050_233, v0x557040c7a050_234, v0x557040c7a050_235, v0x557040c7a050_236;
v0x557040c7a050_237 .array/port v0x557040c7a050, 237;
v0x557040c7a050_238 .array/port v0x557040c7a050, 238;
v0x557040c7a050_239 .array/port v0x557040c7a050, 239;
v0x557040c7a050_240 .array/port v0x557040c7a050, 240;
E_0x557040be2990/60 .event edge, v0x557040c7a050_237, v0x557040c7a050_238, v0x557040c7a050_239, v0x557040c7a050_240;
v0x557040c7a050_241 .array/port v0x557040c7a050, 241;
v0x557040c7a050_242 .array/port v0x557040c7a050, 242;
v0x557040c7a050_243 .array/port v0x557040c7a050, 243;
v0x557040c7a050_244 .array/port v0x557040c7a050, 244;
E_0x557040be2990/61 .event edge, v0x557040c7a050_241, v0x557040c7a050_242, v0x557040c7a050_243, v0x557040c7a050_244;
v0x557040c7a050_245 .array/port v0x557040c7a050, 245;
v0x557040c7a050_246 .array/port v0x557040c7a050, 246;
v0x557040c7a050_247 .array/port v0x557040c7a050, 247;
v0x557040c7a050_248 .array/port v0x557040c7a050, 248;
E_0x557040be2990/62 .event edge, v0x557040c7a050_245, v0x557040c7a050_246, v0x557040c7a050_247, v0x557040c7a050_248;
v0x557040c7a050_249 .array/port v0x557040c7a050, 249;
v0x557040c7a050_250 .array/port v0x557040c7a050, 250;
v0x557040c7a050_251 .array/port v0x557040c7a050, 251;
v0x557040c7a050_252 .array/port v0x557040c7a050, 252;
E_0x557040be2990/63 .event edge, v0x557040c7a050_249, v0x557040c7a050_250, v0x557040c7a050_251, v0x557040c7a050_252;
v0x557040c7a050_253 .array/port v0x557040c7a050, 253;
v0x557040c7a050_254 .array/port v0x557040c7a050, 254;
v0x557040c7a050_255 .array/port v0x557040c7a050, 255;
v0x557040c7a050_256 .array/port v0x557040c7a050, 256;
E_0x557040be2990/64 .event edge, v0x557040c7a050_253, v0x557040c7a050_254, v0x557040c7a050_255, v0x557040c7a050_256;
v0x557040c7a050_257 .array/port v0x557040c7a050, 257;
v0x557040c7a050_258 .array/port v0x557040c7a050, 258;
v0x557040c7a050_259 .array/port v0x557040c7a050, 259;
v0x557040c7a050_260 .array/port v0x557040c7a050, 260;
E_0x557040be2990/65 .event edge, v0x557040c7a050_257, v0x557040c7a050_258, v0x557040c7a050_259, v0x557040c7a050_260;
v0x557040c7a050_261 .array/port v0x557040c7a050, 261;
v0x557040c7a050_262 .array/port v0x557040c7a050, 262;
v0x557040c7a050_263 .array/port v0x557040c7a050, 263;
v0x557040c7a050_264 .array/port v0x557040c7a050, 264;
E_0x557040be2990/66 .event edge, v0x557040c7a050_261, v0x557040c7a050_262, v0x557040c7a050_263, v0x557040c7a050_264;
v0x557040c7a050_265 .array/port v0x557040c7a050, 265;
v0x557040c7a050_266 .array/port v0x557040c7a050, 266;
v0x557040c7a050_267 .array/port v0x557040c7a050, 267;
v0x557040c7a050_268 .array/port v0x557040c7a050, 268;
E_0x557040be2990/67 .event edge, v0x557040c7a050_265, v0x557040c7a050_266, v0x557040c7a050_267, v0x557040c7a050_268;
v0x557040c7a050_269 .array/port v0x557040c7a050, 269;
v0x557040c7a050_270 .array/port v0x557040c7a050, 270;
v0x557040c7a050_271 .array/port v0x557040c7a050, 271;
v0x557040c7a050_272 .array/port v0x557040c7a050, 272;
E_0x557040be2990/68 .event edge, v0x557040c7a050_269, v0x557040c7a050_270, v0x557040c7a050_271, v0x557040c7a050_272;
v0x557040c7a050_273 .array/port v0x557040c7a050, 273;
v0x557040c7a050_274 .array/port v0x557040c7a050, 274;
v0x557040c7a050_275 .array/port v0x557040c7a050, 275;
v0x557040c7a050_276 .array/port v0x557040c7a050, 276;
E_0x557040be2990/69 .event edge, v0x557040c7a050_273, v0x557040c7a050_274, v0x557040c7a050_275, v0x557040c7a050_276;
v0x557040c7a050_277 .array/port v0x557040c7a050, 277;
v0x557040c7a050_278 .array/port v0x557040c7a050, 278;
v0x557040c7a050_279 .array/port v0x557040c7a050, 279;
v0x557040c7a050_280 .array/port v0x557040c7a050, 280;
E_0x557040be2990/70 .event edge, v0x557040c7a050_277, v0x557040c7a050_278, v0x557040c7a050_279, v0x557040c7a050_280;
v0x557040c7a050_281 .array/port v0x557040c7a050, 281;
v0x557040c7a050_282 .array/port v0x557040c7a050, 282;
v0x557040c7a050_283 .array/port v0x557040c7a050, 283;
v0x557040c7a050_284 .array/port v0x557040c7a050, 284;
E_0x557040be2990/71 .event edge, v0x557040c7a050_281, v0x557040c7a050_282, v0x557040c7a050_283, v0x557040c7a050_284;
v0x557040c7a050_285 .array/port v0x557040c7a050, 285;
v0x557040c7a050_286 .array/port v0x557040c7a050, 286;
v0x557040c7a050_287 .array/port v0x557040c7a050, 287;
v0x557040c7a050_288 .array/port v0x557040c7a050, 288;
E_0x557040be2990/72 .event edge, v0x557040c7a050_285, v0x557040c7a050_286, v0x557040c7a050_287, v0x557040c7a050_288;
v0x557040c7a050_289 .array/port v0x557040c7a050, 289;
v0x557040c7a050_290 .array/port v0x557040c7a050, 290;
v0x557040c7a050_291 .array/port v0x557040c7a050, 291;
v0x557040c7a050_292 .array/port v0x557040c7a050, 292;
E_0x557040be2990/73 .event edge, v0x557040c7a050_289, v0x557040c7a050_290, v0x557040c7a050_291, v0x557040c7a050_292;
v0x557040c7a050_293 .array/port v0x557040c7a050, 293;
v0x557040c7a050_294 .array/port v0x557040c7a050, 294;
v0x557040c7a050_295 .array/port v0x557040c7a050, 295;
v0x557040c7a050_296 .array/port v0x557040c7a050, 296;
E_0x557040be2990/74 .event edge, v0x557040c7a050_293, v0x557040c7a050_294, v0x557040c7a050_295, v0x557040c7a050_296;
v0x557040c7a050_297 .array/port v0x557040c7a050, 297;
v0x557040c7a050_298 .array/port v0x557040c7a050, 298;
v0x557040c7a050_299 .array/port v0x557040c7a050, 299;
v0x557040c7a050_300 .array/port v0x557040c7a050, 300;
E_0x557040be2990/75 .event edge, v0x557040c7a050_297, v0x557040c7a050_298, v0x557040c7a050_299, v0x557040c7a050_300;
v0x557040c7a050_301 .array/port v0x557040c7a050, 301;
v0x557040c7a050_302 .array/port v0x557040c7a050, 302;
v0x557040c7a050_303 .array/port v0x557040c7a050, 303;
v0x557040c7a050_304 .array/port v0x557040c7a050, 304;
E_0x557040be2990/76 .event edge, v0x557040c7a050_301, v0x557040c7a050_302, v0x557040c7a050_303, v0x557040c7a050_304;
v0x557040c7a050_305 .array/port v0x557040c7a050, 305;
v0x557040c7a050_306 .array/port v0x557040c7a050, 306;
v0x557040c7a050_307 .array/port v0x557040c7a050, 307;
v0x557040c7a050_308 .array/port v0x557040c7a050, 308;
E_0x557040be2990/77 .event edge, v0x557040c7a050_305, v0x557040c7a050_306, v0x557040c7a050_307, v0x557040c7a050_308;
v0x557040c7a050_309 .array/port v0x557040c7a050, 309;
v0x557040c7a050_310 .array/port v0x557040c7a050, 310;
v0x557040c7a050_311 .array/port v0x557040c7a050, 311;
v0x557040c7a050_312 .array/port v0x557040c7a050, 312;
E_0x557040be2990/78 .event edge, v0x557040c7a050_309, v0x557040c7a050_310, v0x557040c7a050_311, v0x557040c7a050_312;
v0x557040c7a050_313 .array/port v0x557040c7a050, 313;
v0x557040c7a050_314 .array/port v0x557040c7a050, 314;
v0x557040c7a050_315 .array/port v0x557040c7a050, 315;
v0x557040c7a050_316 .array/port v0x557040c7a050, 316;
E_0x557040be2990/79 .event edge, v0x557040c7a050_313, v0x557040c7a050_314, v0x557040c7a050_315, v0x557040c7a050_316;
v0x557040c7a050_317 .array/port v0x557040c7a050, 317;
v0x557040c7a050_318 .array/port v0x557040c7a050, 318;
v0x557040c7a050_319 .array/port v0x557040c7a050, 319;
v0x557040c7a050_320 .array/port v0x557040c7a050, 320;
E_0x557040be2990/80 .event edge, v0x557040c7a050_317, v0x557040c7a050_318, v0x557040c7a050_319, v0x557040c7a050_320;
v0x557040c7a050_321 .array/port v0x557040c7a050, 321;
v0x557040c7a050_322 .array/port v0x557040c7a050, 322;
v0x557040c7a050_323 .array/port v0x557040c7a050, 323;
v0x557040c7a050_324 .array/port v0x557040c7a050, 324;
E_0x557040be2990/81 .event edge, v0x557040c7a050_321, v0x557040c7a050_322, v0x557040c7a050_323, v0x557040c7a050_324;
v0x557040c7a050_325 .array/port v0x557040c7a050, 325;
v0x557040c7a050_326 .array/port v0x557040c7a050, 326;
v0x557040c7a050_327 .array/port v0x557040c7a050, 327;
v0x557040c7a050_328 .array/port v0x557040c7a050, 328;
E_0x557040be2990/82 .event edge, v0x557040c7a050_325, v0x557040c7a050_326, v0x557040c7a050_327, v0x557040c7a050_328;
v0x557040c7a050_329 .array/port v0x557040c7a050, 329;
v0x557040c7a050_330 .array/port v0x557040c7a050, 330;
v0x557040c7a050_331 .array/port v0x557040c7a050, 331;
v0x557040c7a050_332 .array/port v0x557040c7a050, 332;
E_0x557040be2990/83 .event edge, v0x557040c7a050_329, v0x557040c7a050_330, v0x557040c7a050_331, v0x557040c7a050_332;
v0x557040c7a050_333 .array/port v0x557040c7a050, 333;
v0x557040c7a050_334 .array/port v0x557040c7a050, 334;
v0x557040c7a050_335 .array/port v0x557040c7a050, 335;
v0x557040c7a050_336 .array/port v0x557040c7a050, 336;
E_0x557040be2990/84 .event edge, v0x557040c7a050_333, v0x557040c7a050_334, v0x557040c7a050_335, v0x557040c7a050_336;
v0x557040c7a050_337 .array/port v0x557040c7a050, 337;
v0x557040c7a050_338 .array/port v0x557040c7a050, 338;
v0x557040c7a050_339 .array/port v0x557040c7a050, 339;
v0x557040c7a050_340 .array/port v0x557040c7a050, 340;
E_0x557040be2990/85 .event edge, v0x557040c7a050_337, v0x557040c7a050_338, v0x557040c7a050_339, v0x557040c7a050_340;
v0x557040c7a050_341 .array/port v0x557040c7a050, 341;
v0x557040c7a050_342 .array/port v0x557040c7a050, 342;
v0x557040c7a050_343 .array/port v0x557040c7a050, 343;
v0x557040c7a050_344 .array/port v0x557040c7a050, 344;
E_0x557040be2990/86 .event edge, v0x557040c7a050_341, v0x557040c7a050_342, v0x557040c7a050_343, v0x557040c7a050_344;
v0x557040c7a050_345 .array/port v0x557040c7a050, 345;
v0x557040c7a050_346 .array/port v0x557040c7a050, 346;
v0x557040c7a050_347 .array/port v0x557040c7a050, 347;
v0x557040c7a050_348 .array/port v0x557040c7a050, 348;
E_0x557040be2990/87 .event edge, v0x557040c7a050_345, v0x557040c7a050_346, v0x557040c7a050_347, v0x557040c7a050_348;
v0x557040c7a050_349 .array/port v0x557040c7a050, 349;
v0x557040c7a050_350 .array/port v0x557040c7a050, 350;
v0x557040c7a050_351 .array/port v0x557040c7a050, 351;
v0x557040c7a050_352 .array/port v0x557040c7a050, 352;
E_0x557040be2990/88 .event edge, v0x557040c7a050_349, v0x557040c7a050_350, v0x557040c7a050_351, v0x557040c7a050_352;
v0x557040c7a050_353 .array/port v0x557040c7a050, 353;
v0x557040c7a050_354 .array/port v0x557040c7a050, 354;
v0x557040c7a050_355 .array/port v0x557040c7a050, 355;
v0x557040c7a050_356 .array/port v0x557040c7a050, 356;
E_0x557040be2990/89 .event edge, v0x557040c7a050_353, v0x557040c7a050_354, v0x557040c7a050_355, v0x557040c7a050_356;
v0x557040c7a050_357 .array/port v0x557040c7a050, 357;
v0x557040c7a050_358 .array/port v0x557040c7a050, 358;
v0x557040c7a050_359 .array/port v0x557040c7a050, 359;
v0x557040c7a050_360 .array/port v0x557040c7a050, 360;
E_0x557040be2990/90 .event edge, v0x557040c7a050_357, v0x557040c7a050_358, v0x557040c7a050_359, v0x557040c7a050_360;
v0x557040c7a050_361 .array/port v0x557040c7a050, 361;
v0x557040c7a050_362 .array/port v0x557040c7a050, 362;
v0x557040c7a050_363 .array/port v0x557040c7a050, 363;
v0x557040c7a050_364 .array/port v0x557040c7a050, 364;
E_0x557040be2990/91 .event edge, v0x557040c7a050_361, v0x557040c7a050_362, v0x557040c7a050_363, v0x557040c7a050_364;
v0x557040c7a050_365 .array/port v0x557040c7a050, 365;
v0x557040c7a050_366 .array/port v0x557040c7a050, 366;
v0x557040c7a050_367 .array/port v0x557040c7a050, 367;
v0x557040c7a050_368 .array/port v0x557040c7a050, 368;
E_0x557040be2990/92 .event edge, v0x557040c7a050_365, v0x557040c7a050_366, v0x557040c7a050_367, v0x557040c7a050_368;
v0x557040c7a050_369 .array/port v0x557040c7a050, 369;
v0x557040c7a050_370 .array/port v0x557040c7a050, 370;
v0x557040c7a050_371 .array/port v0x557040c7a050, 371;
v0x557040c7a050_372 .array/port v0x557040c7a050, 372;
E_0x557040be2990/93 .event edge, v0x557040c7a050_369, v0x557040c7a050_370, v0x557040c7a050_371, v0x557040c7a050_372;
v0x557040c7a050_373 .array/port v0x557040c7a050, 373;
v0x557040c7a050_374 .array/port v0x557040c7a050, 374;
v0x557040c7a050_375 .array/port v0x557040c7a050, 375;
v0x557040c7a050_376 .array/port v0x557040c7a050, 376;
E_0x557040be2990/94 .event edge, v0x557040c7a050_373, v0x557040c7a050_374, v0x557040c7a050_375, v0x557040c7a050_376;
v0x557040c7a050_377 .array/port v0x557040c7a050, 377;
v0x557040c7a050_378 .array/port v0x557040c7a050, 378;
v0x557040c7a050_379 .array/port v0x557040c7a050, 379;
v0x557040c7a050_380 .array/port v0x557040c7a050, 380;
E_0x557040be2990/95 .event edge, v0x557040c7a050_377, v0x557040c7a050_378, v0x557040c7a050_379, v0x557040c7a050_380;
v0x557040c7a050_381 .array/port v0x557040c7a050, 381;
v0x557040c7a050_382 .array/port v0x557040c7a050, 382;
v0x557040c7a050_383 .array/port v0x557040c7a050, 383;
v0x557040c7a050_384 .array/port v0x557040c7a050, 384;
E_0x557040be2990/96 .event edge, v0x557040c7a050_381, v0x557040c7a050_382, v0x557040c7a050_383, v0x557040c7a050_384;
v0x557040c7a050_385 .array/port v0x557040c7a050, 385;
v0x557040c7a050_386 .array/port v0x557040c7a050, 386;
v0x557040c7a050_387 .array/port v0x557040c7a050, 387;
v0x557040c7a050_388 .array/port v0x557040c7a050, 388;
E_0x557040be2990/97 .event edge, v0x557040c7a050_385, v0x557040c7a050_386, v0x557040c7a050_387, v0x557040c7a050_388;
v0x557040c7a050_389 .array/port v0x557040c7a050, 389;
v0x557040c7a050_390 .array/port v0x557040c7a050, 390;
v0x557040c7a050_391 .array/port v0x557040c7a050, 391;
v0x557040c7a050_392 .array/port v0x557040c7a050, 392;
E_0x557040be2990/98 .event edge, v0x557040c7a050_389, v0x557040c7a050_390, v0x557040c7a050_391, v0x557040c7a050_392;
v0x557040c7a050_393 .array/port v0x557040c7a050, 393;
v0x557040c7a050_394 .array/port v0x557040c7a050, 394;
v0x557040c7a050_395 .array/port v0x557040c7a050, 395;
v0x557040c7a050_396 .array/port v0x557040c7a050, 396;
E_0x557040be2990/99 .event edge, v0x557040c7a050_393, v0x557040c7a050_394, v0x557040c7a050_395, v0x557040c7a050_396;
v0x557040c7a050_397 .array/port v0x557040c7a050, 397;
v0x557040c7a050_398 .array/port v0x557040c7a050, 398;
v0x557040c7a050_399 .array/port v0x557040c7a050, 399;
v0x557040c7a050_400 .array/port v0x557040c7a050, 400;
E_0x557040be2990/100 .event edge, v0x557040c7a050_397, v0x557040c7a050_398, v0x557040c7a050_399, v0x557040c7a050_400;
v0x557040c7a050_401 .array/port v0x557040c7a050, 401;
v0x557040c7a050_402 .array/port v0x557040c7a050, 402;
v0x557040c7a050_403 .array/port v0x557040c7a050, 403;
v0x557040c7a050_404 .array/port v0x557040c7a050, 404;
E_0x557040be2990/101 .event edge, v0x557040c7a050_401, v0x557040c7a050_402, v0x557040c7a050_403, v0x557040c7a050_404;
v0x557040c7a050_405 .array/port v0x557040c7a050, 405;
v0x557040c7a050_406 .array/port v0x557040c7a050, 406;
v0x557040c7a050_407 .array/port v0x557040c7a050, 407;
v0x557040c7a050_408 .array/port v0x557040c7a050, 408;
E_0x557040be2990/102 .event edge, v0x557040c7a050_405, v0x557040c7a050_406, v0x557040c7a050_407, v0x557040c7a050_408;
v0x557040c7a050_409 .array/port v0x557040c7a050, 409;
v0x557040c7a050_410 .array/port v0x557040c7a050, 410;
v0x557040c7a050_411 .array/port v0x557040c7a050, 411;
v0x557040c7a050_412 .array/port v0x557040c7a050, 412;
E_0x557040be2990/103 .event edge, v0x557040c7a050_409, v0x557040c7a050_410, v0x557040c7a050_411, v0x557040c7a050_412;
v0x557040c7a050_413 .array/port v0x557040c7a050, 413;
v0x557040c7a050_414 .array/port v0x557040c7a050, 414;
v0x557040c7a050_415 .array/port v0x557040c7a050, 415;
v0x557040c7a050_416 .array/port v0x557040c7a050, 416;
E_0x557040be2990/104 .event edge, v0x557040c7a050_413, v0x557040c7a050_414, v0x557040c7a050_415, v0x557040c7a050_416;
v0x557040c7a050_417 .array/port v0x557040c7a050, 417;
v0x557040c7a050_418 .array/port v0x557040c7a050, 418;
v0x557040c7a050_419 .array/port v0x557040c7a050, 419;
v0x557040c7a050_420 .array/port v0x557040c7a050, 420;
E_0x557040be2990/105 .event edge, v0x557040c7a050_417, v0x557040c7a050_418, v0x557040c7a050_419, v0x557040c7a050_420;
v0x557040c7a050_421 .array/port v0x557040c7a050, 421;
v0x557040c7a050_422 .array/port v0x557040c7a050, 422;
v0x557040c7a050_423 .array/port v0x557040c7a050, 423;
v0x557040c7a050_424 .array/port v0x557040c7a050, 424;
E_0x557040be2990/106 .event edge, v0x557040c7a050_421, v0x557040c7a050_422, v0x557040c7a050_423, v0x557040c7a050_424;
v0x557040c7a050_425 .array/port v0x557040c7a050, 425;
v0x557040c7a050_426 .array/port v0x557040c7a050, 426;
v0x557040c7a050_427 .array/port v0x557040c7a050, 427;
v0x557040c7a050_428 .array/port v0x557040c7a050, 428;
E_0x557040be2990/107 .event edge, v0x557040c7a050_425, v0x557040c7a050_426, v0x557040c7a050_427, v0x557040c7a050_428;
v0x557040c7a050_429 .array/port v0x557040c7a050, 429;
v0x557040c7a050_430 .array/port v0x557040c7a050, 430;
v0x557040c7a050_431 .array/port v0x557040c7a050, 431;
v0x557040c7a050_432 .array/port v0x557040c7a050, 432;
E_0x557040be2990/108 .event edge, v0x557040c7a050_429, v0x557040c7a050_430, v0x557040c7a050_431, v0x557040c7a050_432;
v0x557040c7a050_433 .array/port v0x557040c7a050, 433;
v0x557040c7a050_434 .array/port v0x557040c7a050, 434;
v0x557040c7a050_435 .array/port v0x557040c7a050, 435;
v0x557040c7a050_436 .array/port v0x557040c7a050, 436;
E_0x557040be2990/109 .event edge, v0x557040c7a050_433, v0x557040c7a050_434, v0x557040c7a050_435, v0x557040c7a050_436;
v0x557040c7a050_437 .array/port v0x557040c7a050, 437;
v0x557040c7a050_438 .array/port v0x557040c7a050, 438;
v0x557040c7a050_439 .array/port v0x557040c7a050, 439;
v0x557040c7a050_440 .array/port v0x557040c7a050, 440;
E_0x557040be2990/110 .event edge, v0x557040c7a050_437, v0x557040c7a050_438, v0x557040c7a050_439, v0x557040c7a050_440;
v0x557040c7a050_441 .array/port v0x557040c7a050, 441;
v0x557040c7a050_442 .array/port v0x557040c7a050, 442;
v0x557040c7a050_443 .array/port v0x557040c7a050, 443;
v0x557040c7a050_444 .array/port v0x557040c7a050, 444;
E_0x557040be2990/111 .event edge, v0x557040c7a050_441, v0x557040c7a050_442, v0x557040c7a050_443, v0x557040c7a050_444;
v0x557040c7a050_445 .array/port v0x557040c7a050, 445;
v0x557040c7a050_446 .array/port v0x557040c7a050, 446;
v0x557040c7a050_447 .array/port v0x557040c7a050, 447;
v0x557040c7a050_448 .array/port v0x557040c7a050, 448;
E_0x557040be2990/112 .event edge, v0x557040c7a050_445, v0x557040c7a050_446, v0x557040c7a050_447, v0x557040c7a050_448;
v0x557040c7a050_449 .array/port v0x557040c7a050, 449;
v0x557040c7a050_450 .array/port v0x557040c7a050, 450;
v0x557040c7a050_451 .array/port v0x557040c7a050, 451;
v0x557040c7a050_452 .array/port v0x557040c7a050, 452;
E_0x557040be2990/113 .event edge, v0x557040c7a050_449, v0x557040c7a050_450, v0x557040c7a050_451, v0x557040c7a050_452;
v0x557040c7a050_453 .array/port v0x557040c7a050, 453;
v0x557040c7a050_454 .array/port v0x557040c7a050, 454;
v0x557040c7a050_455 .array/port v0x557040c7a050, 455;
v0x557040c7a050_456 .array/port v0x557040c7a050, 456;
E_0x557040be2990/114 .event edge, v0x557040c7a050_453, v0x557040c7a050_454, v0x557040c7a050_455, v0x557040c7a050_456;
v0x557040c7a050_457 .array/port v0x557040c7a050, 457;
v0x557040c7a050_458 .array/port v0x557040c7a050, 458;
v0x557040c7a050_459 .array/port v0x557040c7a050, 459;
v0x557040c7a050_460 .array/port v0x557040c7a050, 460;
E_0x557040be2990/115 .event edge, v0x557040c7a050_457, v0x557040c7a050_458, v0x557040c7a050_459, v0x557040c7a050_460;
v0x557040c7a050_461 .array/port v0x557040c7a050, 461;
v0x557040c7a050_462 .array/port v0x557040c7a050, 462;
v0x557040c7a050_463 .array/port v0x557040c7a050, 463;
v0x557040c7a050_464 .array/port v0x557040c7a050, 464;
E_0x557040be2990/116 .event edge, v0x557040c7a050_461, v0x557040c7a050_462, v0x557040c7a050_463, v0x557040c7a050_464;
v0x557040c7a050_465 .array/port v0x557040c7a050, 465;
v0x557040c7a050_466 .array/port v0x557040c7a050, 466;
v0x557040c7a050_467 .array/port v0x557040c7a050, 467;
v0x557040c7a050_468 .array/port v0x557040c7a050, 468;
E_0x557040be2990/117 .event edge, v0x557040c7a050_465, v0x557040c7a050_466, v0x557040c7a050_467, v0x557040c7a050_468;
v0x557040c7a050_469 .array/port v0x557040c7a050, 469;
v0x557040c7a050_470 .array/port v0x557040c7a050, 470;
v0x557040c7a050_471 .array/port v0x557040c7a050, 471;
v0x557040c7a050_472 .array/port v0x557040c7a050, 472;
E_0x557040be2990/118 .event edge, v0x557040c7a050_469, v0x557040c7a050_470, v0x557040c7a050_471, v0x557040c7a050_472;
v0x557040c7a050_473 .array/port v0x557040c7a050, 473;
v0x557040c7a050_474 .array/port v0x557040c7a050, 474;
v0x557040c7a050_475 .array/port v0x557040c7a050, 475;
v0x557040c7a050_476 .array/port v0x557040c7a050, 476;
E_0x557040be2990/119 .event edge, v0x557040c7a050_473, v0x557040c7a050_474, v0x557040c7a050_475, v0x557040c7a050_476;
v0x557040c7a050_477 .array/port v0x557040c7a050, 477;
v0x557040c7a050_478 .array/port v0x557040c7a050, 478;
v0x557040c7a050_479 .array/port v0x557040c7a050, 479;
v0x557040c7a050_480 .array/port v0x557040c7a050, 480;
E_0x557040be2990/120 .event edge, v0x557040c7a050_477, v0x557040c7a050_478, v0x557040c7a050_479, v0x557040c7a050_480;
v0x557040c7a050_481 .array/port v0x557040c7a050, 481;
v0x557040c7a050_482 .array/port v0x557040c7a050, 482;
v0x557040c7a050_483 .array/port v0x557040c7a050, 483;
v0x557040c7a050_484 .array/port v0x557040c7a050, 484;
E_0x557040be2990/121 .event edge, v0x557040c7a050_481, v0x557040c7a050_482, v0x557040c7a050_483, v0x557040c7a050_484;
v0x557040c7a050_485 .array/port v0x557040c7a050, 485;
v0x557040c7a050_486 .array/port v0x557040c7a050, 486;
v0x557040c7a050_487 .array/port v0x557040c7a050, 487;
v0x557040c7a050_488 .array/port v0x557040c7a050, 488;
E_0x557040be2990/122 .event edge, v0x557040c7a050_485, v0x557040c7a050_486, v0x557040c7a050_487, v0x557040c7a050_488;
v0x557040c7a050_489 .array/port v0x557040c7a050, 489;
v0x557040c7a050_490 .array/port v0x557040c7a050, 490;
v0x557040c7a050_491 .array/port v0x557040c7a050, 491;
v0x557040c7a050_492 .array/port v0x557040c7a050, 492;
E_0x557040be2990/123 .event edge, v0x557040c7a050_489, v0x557040c7a050_490, v0x557040c7a050_491, v0x557040c7a050_492;
v0x557040c7a050_493 .array/port v0x557040c7a050, 493;
v0x557040c7a050_494 .array/port v0x557040c7a050, 494;
v0x557040c7a050_495 .array/port v0x557040c7a050, 495;
v0x557040c7a050_496 .array/port v0x557040c7a050, 496;
E_0x557040be2990/124 .event edge, v0x557040c7a050_493, v0x557040c7a050_494, v0x557040c7a050_495, v0x557040c7a050_496;
v0x557040c7a050_497 .array/port v0x557040c7a050, 497;
v0x557040c7a050_498 .array/port v0x557040c7a050, 498;
v0x557040c7a050_499 .array/port v0x557040c7a050, 499;
v0x557040c7a050_500 .array/port v0x557040c7a050, 500;
E_0x557040be2990/125 .event edge, v0x557040c7a050_497, v0x557040c7a050_498, v0x557040c7a050_499, v0x557040c7a050_500;
v0x557040c7a050_501 .array/port v0x557040c7a050, 501;
v0x557040c7a050_502 .array/port v0x557040c7a050, 502;
v0x557040c7a050_503 .array/port v0x557040c7a050, 503;
v0x557040c7a050_504 .array/port v0x557040c7a050, 504;
E_0x557040be2990/126 .event edge, v0x557040c7a050_501, v0x557040c7a050_502, v0x557040c7a050_503, v0x557040c7a050_504;
v0x557040c7a050_505 .array/port v0x557040c7a050, 505;
v0x557040c7a050_506 .array/port v0x557040c7a050, 506;
v0x557040c7a050_507 .array/port v0x557040c7a050, 507;
v0x557040c7a050_508 .array/port v0x557040c7a050, 508;
E_0x557040be2990/127 .event edge, v0x557040c7a050_505, v0x557040c7a050_506, v0x557040c7a050_507, v0x557040c7a050_508;
v0x557040c7a050_509 .array/port v0x557040c7a050, 509;
v0x557040c7a050_510 .array/port v0x557040c7a050, 510;
v0x557040c7a050_511 .array/port v0x557040c7a050, 511;
v0x557040c7a050_512 .array/port v0x557040c7a050, 512;
E_0x557040be2990/128 .event edge, v0x557040c7a050_509, v0x557040c7a050_510, v0x557040c7a050_511, v0x557040c7a050_512;
v0x557040c7a050_513 .array/port v0x557040c7a050, 513;
v0x557040c7a050_514 .array/port v0x557040c7a050, 514;
v0x557040c7a050_515 .array/port v0x557040c7a050, 515;
v0x557040c7a050_516 .array/port v0x557040c7a050, 516;
E_0x557040be2990/129 .event edge, v0x557040c7a050_513, v0x557040c7a050_514, v0x557040c7a050_515, v0x557040c7a050_516;
v0x557040c7a050_517 .array/port v0x557040c7a050, 517;
v0x557040c7a050_518 .array/port v0x557040c7a050, 518;
v0x557040c7a050_519 .array/port v0x557040c7a050, 519;
v0x557040c7a050_520 .array/port v0x557040c7a050, 520;
E_0x557040be2990/130 .event edge, v0x557040c7a050_517, v0x557040c7a050_518, v0x557040c7a050_519, v0x557040c7a050_520;
v0x557040c7a050_521 .array/port v0x557040c7a050, 521;
v0x557040c7a050_522 .array/port v0x557040c7a050, 522;
v0x557040c7a050_523 .array/port v0x557040c7a050, 523;
v0x557040c7a050_524 .array/port v0x557040c7a050, 524;
E_0x557040be2990/131 .event edge, v0x557040c7a050_521, v0x557040c7a050_522, v0x557040c7a050_523, v0x557040c7a050_524;
v0x557040c7a050_525 .array/port v0x557040c7a050, 525;
v0x557040c7a050_526 .array/port v0x557040c7a050, 526;
v0x557040c7a050_527 .array/port v0x557040c7a050, 527;
v0x557040c7a050_528 .array/port v0x557040c7a050, 528;
E_0x557040be2990/132 .event edge, v0x557040c7a050_525, v0x557040c7a050_526, v0x557040c7a050_527, v0x557040c7a050_528;
v0x557040c7a050_529 .array/port v0x557040c7a050, 529;
v0x557040c7a050_530 .array/port v0x557040c7a050, 530;
v0x557040c7a050_531 .array/port v0x557040c7a050, 531;
v0x557040c7a050_532 .array/port v0x557040c7a050, 532;
E_0x557040be2990/133 .event edge, v0x557040c7a050_529, v0x557040c7a050_530, v0x557040c7a050_531, v0x557040c7a050_532;
v0x557040c7a050_533 .array/port v0x557040c7a050, 533;
v0x557040c7a050_534 .array/port v0x557040c7a050, 534;
v0x557040c7a050_535 .array/port v0x557040c7a050, 535;
v0x557040c7a050_536 .array/port v0x557040c7a050, 536;
E_0x557040be2990/134 .event edge, v0x557040c7a050_533, v0x557040c7a050_534, v0x557040c7a050_535, v0x557040c7a050_536;
v0x557040c7a050_537 .array/port v0x557040c7a050, 537;
v0x557040c7a050_538 .array/port v0x557040c7a050, 538;
v0x557040c7a050_539 .array/port v0x557040c7a050, 539;
v0x557040c7a050_540 .array/port v0x557040c7a050, 540;
E_0x557040be2990/135 .event edge, v0x557040c7a050_537, v0x557040c7a050_538, v0x557040c7a050_539, v0x557040c7a050_540;
v0x557040c7a050_541 .array/port v0x557040c7a050, 541;
v0x557040c7a050_542 .array/port v0x557040c7a050, 542;
v0x557040c7a050_543 .array/port v0x557040c7a050, 543;
v0x557040c7a050_544 .array/port v0x557040c7a050, 544;
E_0x557040be2990/136 .event edge, v0x557040c7a050_541, v0x557040c7a050_542, v0x557040c7a050_543, v0x557040c7a050_544;
v0x557040c7a050_545 .array/port v0x557040c7a050, 545;
v0x557040c7a050_546 .array/port v0x557040c7a050, 546;
v0x557040c7a050_547 .array/port v0x557040c7a050, 547;
v0x557040c7a050_548 .array/port v0x557040c7a050, 548;
E_0x557040be2990/137 .event edge, v0x557040c7a050_545, v0x557040c7a050_546, v0x557040c7a050_547, v0x557040c7a050_548;
v0x557040c7a050_549 .array/port v0x557040c7a050, 549;
v0x557040c7a050_550 .array/port v0x557040c7a050, 550;
v0x557040c7a050_551 .array/port v0x557040c7a050, 551;
v0x557040c7a050_552 .array/port v0x557040c7a050, 552;
E_0x557040be2990/138 .event edge, v0x557040c7a050_549, v0x557040c7a050_550, v0x557040c7a050_551, v0x557040c7a050_552;
v0x557040c7a050_553 .array/port v0x557040c7a050, 553;
v0x557040c7a050_554 .array/port v0x557040c7a050, 554;
v0x557040c7a050_555 .array/port v0x557040c7a050, 555;
v0x557040c7a050_556 .array/port v0x557040c7a050, 556;
E_0x557040be2990/139 .event edge, v0x557040c7a050_553, v0x557040c7a050_554, v0x557040c7a050_555, v0x557040c7a050_556;
v0x557040c7a050_557 .array/port v0x557040c7a050, 557;
v0x557040c7a050_558 .array/port v0x557040c7a050, 558;
v0x557040c7a050_559 .array/port v0x557040c7a050, 559;
v0x557040c7a050_560 .array/port v0x557040c7a050, 560;
E_0x557040be2990/140 .event edge, v0x557040c7a050_557, v0x557040c7a050_558, v0x557040c7a050_559, v0x557040c7a050_560;
v0x557040c7a050_561 .array/port v0x557040c7a050, 561;
v0x557040c7a050_562 .array/port v0x557040c7a050, 562;
v0x557040c7a050_563 .array/port v0x557040c7a050, 563;
v0x557040c7a050_564 .array/port v0x557040c7a050, 564;
E_0x557040be2990/141 .event edge, v0x557040c7a050_561, v0x557040c7a050_562, v0x557040c7a050_563, v0x557040c7a050_564;
v0x557040c7a050_565 .array/port v0x557040c7a050, 565;
v0x557040c7a050_566 .array/port v0x557040c7a050, 566;
v0x557040c7a050_567 .array/port v0x557040c7a050, 567;
v0x557040c7a050_568 .array/port v0x557040c7a050, 568;
E_0x557040be2990/142 .event edge, v0x557040c7a050_565, v0x557040c7a050_566, v0x557040c7a050_567, v0x557040c7a050_568;
v0x557040c7a050_569 .array/port v0x557040c7a050, 569;
v0x557040c7a050_570 .array/port v0x557040c7a050, 570;
v0x557040c7a050_571 .array/port v0x557040c7a050, 571;
v0x557040c7a050_572 .array/port v0x557040c7a050, 572;
E_0x557040be2990/143 .event edge, v0x557040c7a050_569, v0x557040c7a050_570, v0x557040c7a050_571, v0x557040c7a050_572;
v0x557040c7a050_573 .array/port v0x557040c7a050, 573;
v0x557040c7a050_574 .array/port v0x557040c7a050, 574;
v0x557040c7a050_575 .array/port v0x557040c7a050, 575;
v0x557040c7a050_576 .array/port v0x557040c7a050, 576;
E_0x557040be2990/144 .event edge, v0x557040c7a050_573, v0x557040c7a050_574, v0x557040c7a050_575, v0x557040c7a050_576;
v0x557040c7a050_577 .array/port v0x557040c7a050, 577;
v0x557040c7a050_578 .array/port v0x557040c7a050, 578;
v0x557040c7a050_579 .array/port v0x557040c7a050, 579;
v0x557040c7a050_580 .array/port v0x557040c7a050, 580;
E_0x557040be2990/145 .event edge, v0x557040c7a050_577, v0x557040c7a050_578, v0x557040c7a050_579, v0x557040c7a050_580;
v0x557040c7a050_581 .array/port v0x557040c7a050, 581;
v0x557040c7a050_582 .array/port v0x557040c7a050, 582;
v0x557040c7a050_583 .array/port v0x557040c7a050, 583;
v0x557040c7a050_584 .array/port v0x557040c7a050, 584;
E_0x557040be2990/146 .event edge, v0x557040c7a050_581, v0x557040c7a050_582, v0x557040c7a050_583, v0x557040c7a050_584;
v0x557040c7a050_585 .array/port v0x557040c7a050, 585;
v0x557040c7a050_586 .array/port v0x557040c7a050, 586;
v0x557040c7a050_587 .array/port v0x557040c7a050, 587;
v0x557040c7a050_588 .array/port v0x557040c7a050, 588;
E_0x557040be2990/147 .event edge, v0x557040c7a050_585, v0x557040c7a050_586, v0x557040c7a050_587, v0x557040c7a050_588;
v0x557040c7a050_589 .array/port v0x557040c7a050, 589;
v0x557040c7a050_590 .array/port v0x557040c7a050, 590;
v0x557040c7a050_591 .array/port v0x557040c7a050, 591;
v0x557040c7a050_592 .array/port v0x557040c7a050, 592;
E_0x557040be2990/148 .event edge, v0x557040c7a050_589, v0x557040c7a050_590, v0x557040c7a050_591, v0x557040c7a050_592;
v0x557040c7a050_593 .array/port v0x557040c7a050, 593;
v0x557040c7a050_594 .array/port v0x557040c7a050, 594;
v0x557040c7a050_595 .array/port v0x557040c7a050, 595;
v0x557040c7a050_596 .array/port v0x557040c7a050, 596;
E_0x557040be2990/149 .event edge, v0x557040c7a050_593, v0x557040c7a050_594, v0x557040c7a050_595, v0x557040c7a050_596;
v0x557040c7a050_597 .array/port v0x557040c7a050, 597;
v0x557040c7a050_598 .array/port v0x557040c7a050, 598;
v0x557040c7a050_599 .array/port v0x557040c7a050, 599;
v0x557040c7a050_600 .array/port v0x557040c7a050, 600;
E_0x557040be2990/150 .event edge, v0x557040c7a050_597, v0x557040c7a050_598, v0x557040c7a050_599, v0x557040c7a050_600;
v0x557040c7a050_601 .array/port v0x557040c7a050, 601;
v0x557040c7a050_602 .array/port v0x557040c7a050, 602;
v0x557040c7a050_603 .array/port v0x557040c7a050, 603;
v0x557040c7a050_604 .array/port v0x557040c7a050, 604;
E_0x557040be2990/151 .event edge, v0x557040c7a050_601, v0x557040c7a050_602, v0x557040c7a050_603, v0x557040c7a050_604;
v0x557040c7a050_605 .array/port v0x557040c7a050, 605;
v0x557040c7a050_606 .array/port v0x557040c7a050, 606;
v0x557040c7a050_607 .array/port v0x557040c7a050, 607;
v0x557040c7a050_608 .array/port v0x557040c7a050, 608;
E_0x557040be2990/152 .event edge, v0x557040c7a050_605, v0x557040c7a050_606, v0x557040c7a050_607, v0x557040c7a050_608;
v0x557040c7a050_609 .array/port v0x557040c7a050, 609;
v0x557040c7a050_610 .array/port v0x557040c7a050, 610;
v0x557040c7a050_611 .array/port v0x557040c7a050, 611;
v0x557040c7a050_612 .array/port v0x557040c7a050, 612;
E_0x557040be2990/153 .event edge, v0x557040c7a050_609, v0x557040c7a050_610, v0x557040c7a050_611, v0x557040c7a050_612;
v0x557040c7a050_613 .array/port v0x557040c7a050, 613;
v0x557040c7a050_614 .array/port v0x557040c7a050, 614;
v0x557040c7a050_615 .array/port v0x557040c7a050, 615;
v0x557040c7a050_616 .array/port v0x557040c7a050, 616;
E_0x557040be2990/154 .event edge, v0x557040c7a050_613, v0x557040c7a050_614, v0x557040c7a050_615, v0x557040c7a050_616;
v0x557040c7a050_617 .array/port v0x557040c7a050, 617;
v0x557040c7a050_618 .array/port v0x557040c7a050, 618;
v0x557040c7a050_619 .array/port v0x557040c7a050, 619;
v0x557040c7a050_620 .array/port v0x557040c7a050, 620;
E_0x557040be2990/155 .event edge, v0x557040c7a050_617, v0x557040c7a050_618, v0x557040c7a050_619, v0x557040c7a050_620;
v0x557040c7a050_621 .array/port v0x557040c7a050, 621;
v0x557040c7a050_622 .array/port v0x557040c7a050, 622;
v0x557040c7a050_623 .array/port v0x557040c7a050, 623;
v0x557040c7a050_624 .array/port v0x557040c7a050, 624;
E_0x557040be2990/156 .event edge, v0x557040c7a050_621, v0x557040c7a050_622, v0x557040c7a050_623, v0x557040c7a050_624;
v0x557040c7a050_625 .array/port v0x557040c7a050, 625;
v0x557040c7a050_626 .array/port v0x557040c7a050, 626;
v0x557040c7a050_627 .array/port v0x557040c7a050, 627;
v0x557040c7a050_628 .array/port v0x557040c7a050, 628;
E_0x557040be2990/157 .event edge, v0x557040c7a050_625, v0x557040c7a050_626, v0x557040c7a050_627, v0x557040c7a050_628;
v0x557040c7a050_629 .array/port v0x557040c7a050, 629;
v0x557040c7a050_630 .array/port v0x557040c7a050, 630;
v0x557040c7a050_631 .array/port v0x557040c7a050, 631;
v0x557040c7a050_632 .array/port v0x557040c7a050, 632;
E_0x557040be2990/158 .event edge, v0x557040c7a050_629, v0x557040c7a050_630, v0x557040c7a050_631, v0x557040c7a050_632;
v0x557040c7a050_633 .array/port v0x557040c7a050, 633;
v0x557040c7a050_634 .array/port v0x557040c7a050, 634;
v0x557040c7a050_635 .array/port v0x557040c7a050, 635;
v0x557040c7a050_636 .array/port v0x557040c7a050, 636;
E_0x557040be2990/159 .event edge, v0x557040c7a050_633, v0x557040c7a050_634, v0x557040c7a050_635, v0x557040c7a050_636;
v0x557040c7a050_637 .array/port v0x557040c7a050, 637;
v0x557040c7a050_638 .array/port v0x557040c7a050, 638;
v0x557040c7a050_639 .array/port v0x557040c7a050, 639;
v0x557040c7a050_640 .array/port v0x557040c7a050, 640;
E_0x557040be2990/160 .event edge, v0x557040c7a050_637, v0x557040c7a050_638, v0x557040c7a050_639, v0x557040c7a050_640;
v0x557040c7a050_641 .array/port v0x557040c7a050, 641;
v0x557040c7a050_642 .array/port v0x557040c7a050, 642;
v0x557040c7a050_643 .array/port v0x557040c7a050, 643;
v0x557040c7a050_644 .array/port v0x557040c7a050, 644;
E_0x557040be2990/161 .event edge, v0x557040c7a050_641, v0x557040c7a050_642, v0x557040c7a050_643, v0x557040c7a050_644;
v0x557040c7a050_645 .array/port v0x557040c7a050, 645;
v0x557040c7a050_646 .array/port v0x557040c7a050, 646;
v0x557040c7a050_647 .array/port v0x557040c7a050, 647;
v0x557040c7a050_648 .array/port v0x557040c7a050, 648;
E_0x557040be2990/162 .event edge, v0x557040c7a050_645, v0x557040c7a050_646, v0x557040c7a050_647, v0x557040c7a050_648;
v0x557040c7a050_649 .array/port v0x557040c7a050, 649;
v0x557040c7a050_650 .array/port v0x557040c7a050, 650;
v0x557040c7a050_651 .array/port v0x557040c7a050, 651;
v0x557040c7a050_652 .array/port v0x557040c7a050, 652;
E_0x557040be2990/163 .event edge, v0x557040c7a050_649, v0x557040c7a050_650, v0x557040c7a050_651, v0x557040c7a050_652;
v0x557040c7a050_653 .array/port v0x557040c7a050, 653;
v0x557040c7a050_654 .array/port v0x557040c7a050, 654;
v0x557040c7a050_655 .array/port v0x557040c7a050, 655;
v0x557040c7a050_656 .array/port v0x557040c7a050, 656;
E_0x557040be2990/164 .event edge, v0x557040c7a050_653, v0x557040c7a050_654, v0x557040c7a050_655, v0x557040c7a050_656;
v0x557040c7a050_657 .array/port v0x557040c7a050, 657;
v0x557040c7a050_658 .array/port v0x557040c7a050, 658;
v0x557040c7a050_659 .array/port v0x557040c7a050, 659;
v0x557040c7a050_660 .array/port v0x557040c7a050, 660;
E_0x557040be2990/165 .event edge, v0x557040c7a050_657, v0x557040c7a050_658, v0x557040c7a050_659, v0x557040c7a050_660;
v0x557040c7a050_661 .array/port v0x557040c7a050, 661;
v0x557040c7a050_662 .array/port v0x557040c7a050, 662;
v0x557040c7a050_663 .array/port v0x557040c7a050, 663;
v0x557040c7a050_664 .array/port v0x557040c7a050, 664;
E_0x557040be2990/166 .event edge, v0x557040c7a050_661, v0x557040c7a050_662, v0x557040c7a050_663, v0x557040c7a050_664;
v0x557040c7a050_665 .array/port v0x557040c7a050, 665;
v0x557040c7a050_666 .array/port v0x557040c7a050, 666;
v0x557040c7a050_667 .array/port v0x557040c7a050, 667;
v0x557040c7a050_668 .array/port v0x557040c7a050, 668;
E_0x557040be2990/167 .event edge, v0x557040c7a050_665, v0x557040c7a050_666, v0x557040c7a050_667, v0x557040c7a050_668;
v0x557040c7a050_669 .array/port v0x557040c7a050, 669;
v0x557040c7a050_670 .array/port v0x557040c7a050, 670;
v0x557040c7a050_671 .array/port v0x557040c7a050, 671;
v0x557040c7a050_672 .array/port v0x557040c7a050, 672;
E_0x557040be2990/168 .event edge, v0x557040c7a050_669, v0x557040c7a050_670, v0x557040c7a050_671, v0x557040c7a050_672;
v0x557040c7a050_673 .array/port v0x557040c7a050, 673;
v0x557040c7a050_674 .array/port v0x557040c7a050, 674;
v0x557040c7a050_675 .array/port v0x557040c7a050, 675;
v0x557040c7a050_676 .array/port v0x557040c7a050, 676;
E_0x557040be2990/169 .event edge, v0x557040c7a050_673, v0x557040c7a050_674, v0x557040c7a050_675, v0x557040c7a050_676;
v0x557040c7a050_677 .array/port v0x557040c7a050, 677;
v0x557040c7a050_678 .array/port v0x557040c7a050, 678;
v0x557040c7a050_679 .array/port v0x557040c7a050, 679;
v0x557040c7a050_680 .array/port v0x557040c7a050, 680;
E_0x557040be2990/170 .event edge, v0x557040c7a050_677, v0x557040c7a050_678, v0x557040c7a050_679, v0x557040c7a050_680;
v0x557040c7a050_681 .array/port v0x557040c7a050, 681;
v0x557040c7a050_682 .array/port v0x557040c7a050, 682;
v0x557040c7a050_683 .array/port v0x557040c7a050, 683;
v0x557040c7a050_684 .array/port v0x557040c7a050, 684;
E_0x557040be2990/171 .event edge, v0x557040c7a050_681, v0x557040c7a050_682, v0x557040c7a050_683, v0x557040c7a050_684;
v0x557040c7a050_685 .array/port v0x557040c7a050, 685;
v0x557040c7a050_686 .array/port v0x557040c7a050, 686;
v0x557040c7a050_687 .array/port v0x557040c7a050, 687;
v0x557040c7a050_688 .array/port v0x557040c7a050, 688;
E_0x557040be2990/172 .event edge, v0x557040c7a050_685, v0x557040c7a050_686, v0x557040c7a050_687, v0x557040c7a050_688;
v0x557040c7a050_689 .array/port v0x557040c7a050, 689;
v0x557040c7a050_690 .array/port v0x557040c7a050, 690;
v0x557040c7a050_691 .array/port v0x557040c7a050, 691;
v0x557040c7a050_692 .array/port v0x557040c7a050, 692;
E_0x557040be2990/173 .event edge, v0x557040c7a050_689, v0x557040c7a050_690, v0x557040c7a050_691, v0x557040c7a050_692;
v0x557040c7a050_693 .array/port v0x557040c7a050, 693;
v0x557040c7a050_694 .array/port v0x557040c7a050, 694;
v0x557040c7a050_695 .array/port v0x557040c7a050, 695;
v0x557040c7a050_696 .array/port v0x557040c7a050, 696;
E_0x557040be2990/174 .event edge, v0x557040c7a050_693, v0x557040c7a050_694, v0x557040c7a050_695, v0x557040c7a050_696;
v0x557040c7a050_697 .array/port v0x557040c7a050, 697;
v0x557040c7a050_698 .array/port v0x557040c7a050, 698;
v0x557040c7a050_699 .array/port v0x557040c7a050, 699;
v0x557040c7a050_700 .array/port v0x557040c7a050, 700;
E_0x557040be2990/175 .event edge, v0x557040c7a050_697, v0x557040c7a050_698, v0x557040c7a050_699, v0x557040c7a050_700;
v0x557040c7a050_701 .array/port v0x557040c7a050, 701;
v0x557040c7a050_702 .array/port v0x557040c7a050, 702;
v0x557040c7a050_703 .array/port v0x557040c7a050, 703;
v0x557040c7a050_704 .array/port v0x557040c7a050, 704;
E_0x557040be2990/176 .event edge, v0x557040c7a050_701, v0x557040c7a050_702, v0x557040c7a050_703, v0x557040c7a050_704;
v0x557040c7a050_705 .array/port v0x557040c7a050, 705;
v0x557040c7a050_706 .array/port v0x557040c7a050, 706;
v0x557040c7a050_707 .array/port v0x557040c7a050, 707;
v0x557040c7a050_708 .array/port v0x557040c7a050, 708;
E_0x557040be2990/177 .event edge, v0x557040c7a050_705, v0x557040c7a050_706, v0x557040c7a050_707, v0x557040c7a050_708;
v0x557040c7a050_709 .array/port v0x557040c7a050, 709;
v0x557040c7a050_710 .array/port v0x557040c7a050, 710;
v0x557040c7a050_711 .array/port v0x557040c7a050, 711;
v0x557040c7a050_712 .array/port v0x557040c7a050, 712;
E_0x557040be2990/178 .event edge, v0x557040c7a050_709, v0x557040c7a050_710, v0x557040c7a050_711, v0x557040c7a050_712;
v0x557040c7a050_713 .array/port v0x557040c7a050, 713;
v0x557040c7a050_714 .array/port v0x557040c7a050, 714;
v0x557040c7a050_715 .array/port v0x557040c7a050, 715;
v0x557040c7a050_716 .array/port v0x557040c7a050, 716;
E_0x557040be2990/179 .event edge, v0x557040c7a050_713, v0x557040c7a050_714, v0x557040c7a050_715, v0x557040c7a050_716;
v0x557040c7a050_717 .array/port v0x557040c7a050, 717;
v0x557040c7a050_718 .array/port v0x557040c7a050, 718;
v0x557040c7a050_719 .array/port v0x557040c7a050, 719;
v0x557040c7a050_720 .array/port v0x557040c7a050, 720;
E_0x557040be2990/180 .event edge, v0x557040c7a050_717, v0x557040c7a050_718, v0x557040c7a050_719, v0x557040c7a050_720;
v0x557040c7a050_721 .array/port v0x557040c7a050, 721;
v0x557040c7a050_722 .array/port v0x557040c7a050, 722;
v0x557040c7a050_723 .array/port v0x557040c7a050, 723;
v0x557040c7a050_724 .array/port v0x557040c7a050, 724;
E_0x557040be2990/181 .event edge, v0x557040c7a050_721, v0x557040c7a050_722, v0x557040c7a050_723, v0x557040c7a050_724;
v0x557040c7a050_725 .array/port v0x557040c7a050, 725;
v0x557040c7a050_726 .array/port v0x557040c7a050, 726;
v0x557040c7a050_727 .array/port v0x557040c7a050, 727;
v0x557040c7a050_728 .array/port v0x557040c7a050, 728;
E_0x557040be2990/182 .event edge, v0x557040c7a050_725, v0x557040c7a050_726, v0x557040c7a050_727, v0x557040c7a050_728;
v0x557040c7a050_729 .array/port v0x557040c7a050, 729;
v0x557040c7a050_730 .array/port v0x557040c7a050, 730;
v0x557040c7a050_731 .array/port v0x557040c7a050, 731;
v0x557040c7a050_732 .array/port v0x557040c7a050, 732;
E_0x557040be2990/183 .event edge, v0x557040c7a050_729, v0x557040c7a050_730, v0x557040c7a050_731, v0x557040c7a050_732;
v0x557040c7a050_733 .array/port v0x557040c7a050, 733;
v0x557040c7a050_734 .array/port v0x557040c7a050, 734;
v0x557040c7a050_735 .array/port v0x557040c7a050, 735;
v0x557040c7a050_736 .array/port v0x557040c7a050, 736;
E_0x557040be2990/184 .event edge, v0x557040c7a050_733, v0x557040c7a050_734, v0x557040c7a050_735, v0x557040c7a050_736;
v0x557040c7a050_737 .array/port v0x557040c7a050, 737;
v0x557040c7a050_738 .array/port v0x557040c7a050, 738;
v0x557040c7a050_739 .array/port v0x557040c7a050, 739;
v0x557040c7a050_740 .array/port v0x557040c7a050, 740;
E_0x557040be2990/185 .event edge, v0x557040c7a050_737, v0x557040c7a050_738, v0x557040c7a050_739, v0x557040c7a050_740;
v0x557040c7a050_741 .array/port v0x557040c7a050, 741;
v0x557040c7a050_742 .array/port v0x557040c7a050, 742;
v0x557040c7a050_743 .array/port v0x557040c7a050, 743;
v0x557040c7a050_744 .array/port v0x557040c7a050, 744;
E_0x557040be2990/186 .event edge, v0x557040c7a050_741, v0x557040c7a050_742, v0x557040c7a050_743, v0x557040c7a050_744;
v0x557040c7a050_745 .array/port v0x557040c7a050, 745;
v0x557040c7a050_746 .array/port v0x557040c7a050, 746;
v0x557040c7a050_747 .array/port v0x557040c7a050, 747;
v0x557040c7a050_748 .array/port v0x557040c7a050, 748;
E_0x557040be2990/187 .event edge, v0x557040c7a050_745, v0x557040c7a050_746, v0x557040c7a050_747, v0x557040c7a050_748;
v0x557040c7a050_749 .array/port v0x557040c7a050, 749;
v0x557040c7a050_750 .array/port v0x557040c7a050, 750;
v0x557040c7a050_751 .array/port v0x557040c7a050, 751;
v0x557040c7a050_752 .array/port v0x557040c7a050, 752;
E_0x557040be2990/188 .event edge, v0x557040c7a050_749, v0x557040c7a050_750, v0x557040c7a050_751, v0x557040c7a050_752;
v0x557040c7a050_753 .array/port v0x557040c7a050, 753;
v0x557040c7a050_754 .array/port v0x557040c7a050, 754;
v0x557040c7a050_755 .array/port v0x557040c7a050, 755;
v0x557040c7a050_756 .array/port v0x557040c7a050, 756;
E_0x557040be2990/189 .event edge, v0x557040c7a050_753, v0x557040c7a050_754, v0x557040c7a050_755, v0x557040c7a050_756;
v0x557040c7a050_757 .array/port v0x557040c7a050, 757;
v0x557040c7a050_758 .array/port v0x557040c7a050, 758;
v0x557040c7a050_759 .array/port v0x557040c7a050, 759;
v0x557040c7a050_760 .array/port v0x557040c7a050, 760;
E_0x557040be2990/190 .event edge, v0x557040c7a050_757, v0x557040c7a050_758, v0x557040c7a050_759, v0x557040c7a050_760;
v0x557040c7a050_761 .array/port v0x557040c7a050, 761;
v0x557040c7a050_762 .array/port v0x557040c7a050, 762;
v0x557040c7a050_763 .array/port v0x557040c7a050, 763;
v0x557040c7a050_764 .array/port v0x557040c7a050, 764;
E_0x557040be2990/191 .event edge, v0x557040c7a050_761, v0x557040c7a050_762, v0x557040c7a050_763, v0x557040c7a050_764;
v0x557040c7a050_765 .array/port v0x557040c7a050, 765;
v0x557040c7a050_766 .array/port v0x557040c7a050, 766;
v0x557040c7a050_767 .array/port v0x557040c7a050, 767;
v0x557040c7a050_768 .array/port v0x557040c7a050, 768;
E_0x557040be2990/192 .event edge, v0x557040c7a050_765, v0x557040c7a050_766, v0x557040c7a050_767, v0x557040c7a050_768;
v0x557040c7a050_769 .array/port v0x557040c7a050, 769;
v0x557040c7a050_770 .array/port v0x557040c7a050, 770;
v0x557040c7a050_771 .array/port v0x557040c7a050, 771;
v0x557040c7a050_772 .array/port v0x557040c7a050, 772;
E_0x557040be2990/193 .event edge, v0x557040c7a050_769, v0x557040c7a050_770, v0x557040c7a050_771, v0x557040c7a050_772;
v0x557040c7a050_773 .array/port v0x557040c7a050, 773;
v0x557040c7a050_774 .array/port v0x557040c7a050, 774;
v0x557040c7a050_775 .array/port v0x557040c7a050, 775;
v0x557040c7a050_776 .array/port v0x557040c7a050, 776;
E_0x557040be2990/194 .event edge, v0x557040c7a050_773, v0x557040c7a050_774, v0x557040c7a050_775, v0x557040c7a050_776;
v0x557040c7a050_777 .array/port v0x557040c7a050, 777;
v0x557040c7a050_778 .array/port v0x557040c7a050, 778;
v0x557040c7a050_779 .array/port v0x557040c7a050, 779;
v0x557040c7a050_780 .array/port v0x557040c7a050, 780;
E_0x557040be2990/195 .event edge, v0x557040c7a050_777, v0x557040c7a050_778, v0x557040c7a050_779, v0x557040c7a050_780;
v0x557040c7a050_781 .array/port v0x557040c7a050, 781;
v0x557040c7a050_782 .array/port v0x557040c7a050, 782;
v0x557040c7a050_783 .array/port v0x557040c7a050, 783;
v0x557040c7a050_784 .array/port v0x557040c7a050, 784;
E_0x557040be2990/196 .event edge, v0x557040c7a050_781, v0x557040c7a050_782, v0x557040c7a050_783, v0x557040c7a050_784;
v0x557040c7a050_785 .array/port v0x557040c7a050, 785;
v0x557040c7a050_786 .array/port v0x557040c7a050, 786;
v0x557040c7a050_787 .array/port v0x557040c7a050, 787;
v0x557040c7a050_788 .array/port v0x557040c7a050, 788;
E_0x557040be2990/197 .event edge, v0x557040c7a050_785, v0x557040c7a050_786, v0x557040c7a050_787, v0x557040c7a050_788;
v0x557040c7a050_789 .array/port v0x557040c7a050, 789;
v0x557040c7a050_790 .array/port v0x557040c7a050, 790;
v0x557040c7a050_791 .array/port v0x557040c7a050, 791;
v0x557040c7a050_792 .array/port v0x557040c7a050, 792;
E_0x557040be2990/198 .event edge, v0x557040c7a050_789, v0x557040c7a050_790, v0x557040c7a050_791, v0x557040c7a050_792;
v0x557040c7a050_793 .array/port v0x557040c7a050, 793;
v0x557040c7a050_794 .array/port v0x557040c7a050, 794;
v0x557040c7a050_795 .array/port v0x557040c7a050, 795;
v0x557040c7a050_796 .array/port v0x557040c7a050, 796;
E_0x557040be2990/199 .event edge, v0x557040c7a050_793, v0x557040c7a050_794, v0x557040c7a050_795, v0x557040c7a050_796;
v0x557040c7a050_797 .array/port v0x557040c7a050, 797;
v0x557040c7a050_798 .array/port v0x557040c7a050, 798;
v0x557040c7a050_799 .array/port v0x557040c7a050, 799;
v0x557040c7a050_800 .array/port v0x557040c7a050, 800;
E_0x557040be2990/200 .event edge, v0x557040c7a050_797, v0x557040c7a050_798, v0x557040c7a050_799, v0x557040c7a050_800;
v0x557040c7a050_801 .array/port v0x557040c7a050, 801;
v0x557040c7a050_802 .array/port v0x557040c7a050, 802;
v0x557040c7a050_803 .array/port v0x557040c7a050, 803;
v0x557040c7a050_804 .array/port v0x557040c7a050, 804;
E_0x557040be2990/201 .event edge, v0x557040c7a050_801, v0x557040c7a050_802, v0x557040c7a050_803, v0x557040c7a050_804;
v0x557040c7a050_805 .array/port v0x557040c7a050, 805;
v0x557040c7a050_806 .array/port v0x557040c7a050, 806;
v0x557040c7a050_807 .array/port v0x557040c7a050, 807;
v0x557040c7a050_808 .array/port v0x557040c7a050, 808;
E_0x557040be2990/202 .event edge, v0x557040c7a050_805, v0x557040c7a050_806, v0x557040c7a050_807, v0x557040c7a050_808;
v0x557040c7a050_809 .array/port v0x557040c7a050, 809;
v0x557040c7a050_810 .array/port v0x557040c7a050, 810;
v0x557040c7a050_811 .array/port v0x557040c7a050, 811;
v0x557040c7a050_812 .array/port v0x557040c7a050, 812;
E_0x557040be2990/203 .event edge, v0x557040c7a050_809, v0x557040c7a050_810, v0x557040c7a050_811, v0x557040c7a050_812;
v0x557040c7a050_813 .array/port v0x557040c7a050, 813;
v0x557040c7a050_814 .array/port v0x557040c7a050, 814;
v0x557040c7a050_815 .array/port v0x557040c7a050, 815;
v0x557040c7a050_816 .array/port v0x557040c7a050, 816;
E_0x557040be2990/204 .event edge, v0x557040c7a050_813, v0x557040c7a050_814, v0x557040c7a050_815, v0x557040c7a050_816;
v0x557040c7a050_817 .array/port v0x557040c7a050, 817;
v0x557040c7a050_818 .array/port v0x557040c7a050, 818;
v0x557040c7a050_819 .array/port v0x557040c7a050, 819;
v0x557040c7a050_820 .array/port v0x557040c7a050, 820;
E_0x557040be2990/205 .event edge, v0x557040c7a050_817, v0x557040c7a050_818, v0x557040c7a050_819, v0x557040c7a050_820;
v0x557040c7a050_821 .array/port v0x557040c7a050, 821;
v0x557040c7a050_822 .array/port v0x557040c7a050, 822;
v0x557040c7a050_823 .array/port v0x557040c7a050, 823;
v0x557040c7a050_824 .array/port v0x557040c7a050, 824;
E_0x557040be2990/206 .event edge, v0x557040c7a050_821, v0x557040c7a050_822, v0x557040c7a050_823, v0x557040c7a050_824;
v0x557040c7a050_825 .array/port v0x557040c7a050, 825;
v0x557040c7a050_826 .array/port v0x557040c7a050, 826;
v0x557040c7a050_827 .array/port v0x557040c7a050, 827;
v0x557040c7a050_828 .array/port v0x557040c7a050, 828;
E_0x557040be2990/207 .event edge, v0x557040c7a050_825, v0x557040c7a050_826, v0x557040c7a050_827, v0x557040c7a050_828;
v0x557040c7a050_829 .array/port v0x557040c7a050, 829;
v0x557040c7a050_830 .array/port v0x557040c7a050, 830;
v0x557040c7a050_831 .array/port v0x557040c7a050, 831;
v0x557040c7a050_832 .array/port v0x557040c7a050, 832;
E_0x557040be2990/208 .event edge, v0x557040c7a050_829, v0x557040c7a050_830, v0x557040c7a050_831, v0x557040c7a050_832;
v0x557040c7a050_833 .array/port v0x557040c7a050, 833;
v0x557040c7a050_834 .array/port v0x557040c7a050, 834;
v0x557040c7a050_835 .array/port v0x557040c7a050, 835;
v0x557040c7a050_836 .array/port v0x557040c7a050, 836;
E_0x557040be2990/209 .event edge, v0x557040c7a050_833, v0x557040c7a050_834, v0x557040c7a050_835, v0x557040c7a050_836;
v0x557040c7a050_837 .array/port v0x557040c7a050, 837;
v0x557040c7a050_838 .array/port v0x557040c7a050, 838;
v0x557040c7a050_839 .array/port v0x557040c7a050, 839;
v0x557040c7a050_840 .array/port v0x557040c7a050, 840;
E_0x557040be2990/210 .event edge, v0x557040c7a050_837, v0x557040c7a050_838, v0x557040c7a050_839, v0x557040c7a050_840;
v0x557040c7a050_841 .array/port v0x557040c7a050, 841;
v0x557040c7a050_842 .array/port v0x557040c7a050, 842;
v0x557040c7a050_843 .array/port v0x557040c7a050, 843;
v0x557040c7a050_844 .array/port v0x557040c7a050, 844;
E_0x557040be2990/211 .event edge, v0x557040c7a050_841, v0x557040c7a050_842, v0x557040c7a050_843, v0x557040c7a050_844;
v0x557040c7a050_845 .array/port v0x557040c7a050, 845;
v0x557040c7a050_846 .array/port v0x557040c7a050, 846;
v0x557040c7a050_847 .array/port v0x557040c7a050, 847;
v0x557040c7a050_848 .array/port v0x557040c7a050, 848;
E_0x557040be2990/212 .event edge, v0x557040c7a050_845, v0x557040c7a050_846, v0x557040c7a050_847, v0x557040c7a050_848;
v0x557040c7a050_849 .array/port v0x557040c7a050, 849;
v0x557040c7a050_850 .array/port v0x557040c7a050, 850;
v0x557040c7a050_851 .array/port v0x557040c7a050, 851;
v0x557040c7a050_852 .array/port v0x557040c7a050, 852;
E_0x557040be2990/213 .event edge, v0x557040c7a050_849, v0x557040c7a050_850, v0x557040c7a050_851, v0x557040c7a050_852;
v0x557040c7a050_853 .array/port v0x557040c7a050, 853;
v0x557040c7a050_854 .array/port v0x557040c7a050, 854;
v0x557040c7a050_855 .array/port v0x557040c7a050, 855;
v0x557040c7a050_856 .array/port v0x557040c7a050, 856;
E_0x557040be2990/214 .event edge, v0x557040c7a050_853, v0x557040c7a050_854, v0x557040c7a050_855, v0x557040c7a050_856;
v0x557040c7a050_857 .array/port v0x557040c7a050, 857;
v0x557040c7a050_858 .array/port v0x557040c7a050, 858;
v0x557040c7a050_859 .array/port v0x557040c7a050, 859;
v0x557040c7a050_860 .array/port v0x557040c7a050, 860;
E_0x557040be2990/215 .event edge, v0x557040c7a050_857, v0x557040c7a050_858, v0x557040c7a050_859, v0x557040c7a050_860;
v0x557040c7a050_861 .array/port v0x557040c7a050, 861;
v0x557040c7a050_862 .array/port v0x557040c7a050, 862;
v0x557040c7a050_863 .array/port v0x557040c7a050, 863;
v0x557040c7a050_864 .array/port v0x557040c7a050, 864;
E_0x557040be2990/216 .event edge, v0x557040c7a050_861, v0x557040c7a050_862, v0x557040c7a050_863, v0x557040c7a050_864;
v0x557040c7a050_865 .array/port v0x557040c7a050, 865;
v0x557040c7a050_866 .array/port v0x557040c7a050, 866;
v0x557040c7a050_867 .array/port v0x557040c7a050, 867;
v0x557040c7a050_868 .array/port v0x557040c7a050, 868;
E_0x557040be2990/217 .event edge, v0x557040c7a050_865, v0x557040c7a050_866, v0x557040c7a050_867, v0x557040c7a050_868;
v0x557040c7a050_869 .array/port v0x557040c7a050, 869;
v0x557040c7a050_870 .array/port v0x557040c7a050, 870;
v0x557040c7a050_871 .array/port v0x557040c7a050, 871;
v0x557040c7a050_872 .array/port v0x557040c7a050, 872;
E_0x557040be2990/218 .event edge, v0x557040c7a050_869, v0x557040c7a050_870, v0x557040c7a050_871, v0x557040c7a050_872;
v0x557040c7a050_873 .array/port v0x557040c7a050, 873;
v0x557040c7a050_874 .array/port v0x557040c7a050, 874;
v0x557040c7a050_875 .array/port v0x557040c7a050, 875;
v0x557040c7a050_876 .array/port v0x557040c7a050, 876;
E_0x557040be2990/219 .event edge, v0x557040c7a050_873, v0x557040c7a050_874, v0x557040c7a050_875, v0x557040c7a050_876;
v0x557040c7a050_877 .array/port v0x557040c7a050, 877;
v0x557040c7a050_878 .array/port v0x557040c7a050, 878;
v0x557040c7a050_879 .array/port v0x557040c7a050, 879;
v0x557040c7a050_880 .array/port v0x557040c7a050, 880;
E_0x557040be2990/220 .event edge, v0x557040c7a050_877, v0x557040c7a050_878, v0x557040c7a050_879, v0x557040c7a050_880;
v0x557040c7a050_881 .array/port v0x557040c7a050, 881;
v0x557040c7a050_882 .array/port v0x557040c7a050, 882;
v0x557040c7a050_883 .array/port v0x557040c7a050, 883;
v0x557040c7a050_884 .array/port v0x557040c7a050, 884;
E_0x557040be2990/221 .event edge, v0x557040c7a050_881, v0x557040c7a050_882, v0x557040c7a050_883, v0x557040c7a050_884;
v0x557040c7a050_885 .array/port v0x557040c7a050, 885;
v0x557040c7a050_886 .array/port v0x557040c7a050, 886;
v0x557040c7a050_887 .array/port v0x557040c7a050, 887;
v0x557040c7a050_888 .array/port v0x557040c7a050, 888;
E_0x557040be2990/222 .event edge, v0x557040c7a050_885, v0x557040c7a050_886, v0x557040c7a050_887, v0x557040c7a050_888;
v0x557040c7a050_889 .array/port v0x557040c7a050, 889;
v0x557040c7a050_890 .array/port v0x557040c7a050, 890;
v0x557040c7a050_891 .array/port v0x557040c7a050, 891;
v0x557040c7a050_892 .array/port v0x557040c7a050, 892;
E_0x557040be2990/223 .event edge, v0x557040c7a050_889, v0x557040c7a050_890, v0x557040c7a050_891, v0x557040c7a050_892;
v0x557040c7a050_893 .array/port v0x557040c7a050, 893;
v0x557040c7a050_894 .array/port v0x557040c7a050, 894;
v0x557040c7a050_895 .array/port v0x557040c7a050, 895;
v0x557040c7a050_896 .array/port v0x557040c7a050, 896;
E_0x557040be2990/224 .event edge, v0x557040c7a050_893, v0x557040c7a050_894, v0x557040c7a050_895, v0x557040c7a050_896;
v0x557040c7a050_897 .array/port v0x557040c7a050, 897;
v0x557040c7a050_898 .array/port v0x557040c7a050, 898;
v0x557040c7a050_899 .array/port v0x557040c7a050, 899;
v0x557040c7a050_900 .array/port v0x557040c7a050, 900;
E_0x557040be2990/225 .event edge, v0x557040c7a050_897, v0x557040c7a050_898, v0x557040c7a050_899, v0x557040c7a050_900;
v0x557040c7a050_901 .array/port v0x557040c7a050, 901;
v0x557040c7a050_902 .array/port v0x557040c7a050, 902;
v0x557040c7a050_903 .array/port v0x557040c7a050, 903;
v0x557040c7a050_904 .array/port v0x557040c7a050, 904;
E_0x557040be2990/226 .event edge, v0x557040c7a050_901, v0x557040c7a050_902, v0x557040c7a050_903, v0x557040c7a050_904;
v0x557040c7a050_905 .array/port v0x557040c7a050, 905;
v0x557040c7a050_906 .array/port v0x557040c7a050, 906;
v0x557040c7a050_907 .array/port v0x557040c7a050, 907;
v0x557040c7a050_908 .array/port v0x557040c7a050, 908;
E_0x557040be2990/227 .event edge, v0x557040c7a050_905, v0x557040c7a050_906, v0x557040c7a050_907, v0x557040c7a050_908;
v0x557040c7a050_909 .array/port v0x557040c7a050, 909;
v0x557040c7a050_910 .array/port v0x557040c7a050, 910;
v0x557040c7a050_911 .array/port v0x557040c7a050, 911;
v0x557040c7a050_912 .array/port v0x557040c7a050, 912;
E_0x557040be2990/228 .event edge, v0x557040c7a050_909, v0x557040c7a050_910, v0x557040c7a050_911, v0x557040c7a050_912;
v0x557040c7a050_913 .array/port v0x557040c7a050, 913;
v0x557040c7a050_914 .array/port v0x557040c7a050, 914;
v0x557040c7a050_915 .array/port v0x557040c7a050, 915;
v0x557040c7a050_916 .array/port v0x557040c7a050, 916;
E_0x557040be2990/229 .event edge, v0x557040c7a050_913, v0x557040c7a050_914, v0x557040c7a050_915, v0x557040c7a050_916;
v0x557040c7a050_917 .array/port v0x557040c7a050, 917;
v0x557040c7a050_918 .array/port v0x557040c7a050, 918;
v0x557040c7a050_919 .array/port v0x557040c7a050, 919;
v0x557040c7a050_920 .array/port v0x557040c7a050, 920;
E_0x557040be2990/230 .event edge, v0x557040c7a050_917, v0x557040c7a050_918, v0x557040c7a050_919, v0x557040c7a050_920;
v0x557040c7a050_921 .array/port v0x557040c7a050, 921;
v0x557040c7a050_922 .array/port v0x557040c7a050, 922;
v0x557040c7a050_923 .array/port v0x557040c7a050, 923;
v0x557040c7a050_924 .array/port v0x557040c7a050, 924;
E_0x557040be2990/231 .event edge, v0x557040c7a050_921, v0x557040c7a050_922, v0x557040c7a050_923, v0x557040c7a050_924;
v0x557040c7a050_925 .array/port v0x557040c7a050, 925;
v0x557040c7a050_926 .array/port v0x557040c7a050, 926;
v0x557040c7a050_927 .array/port v0x557040c7a050, 927;
v0x557040c7a050_928 .array/port v0x557040c7a050, 928;
E_0x557040be2990/232 .event edge, v0x557040c7a050_925, v0x557040c7a050_926, v0x557040c7a050_927, v0x557040c7a050_928;
v0x557040c7a050_929 .array/port v0x557040c7a050, 929;
v0x557040c7a050_930 .array/port v0x557040c7a050, 930;
v0x557040c7a050_931 .array/port v0x557040c7a050, 931;
v0x557040c7a050_932 .array/port v0x557040c7a050, 932;
E_0x557040be2990/233 .event edge, v0x557040c7a050_929, v0x557040c7a050_930, v0x557040c7a050_931, v0x557040c7a050_932;
v0x557040c7a050_933 .array/port v0x557040c7a050, 933;
v0x557040c7a050_934 .array/port v0x557040c7a050, 934;
v0x557040c7a050_935 .array/port v0x557040c7a050, 935;
v0x557040c7a050_936 .array/port v0x557040c7a050, 936;
E_0x557040be2990/234 .event edge, v0x557040c7a050_933, v0x557040c7a050_934, v0x557040c7a050_935, v0x557040c7a050_936;
v0x557040c7a050_937 .array/port v0x557040c7a050, 937;
v0x557040c7a050_938 .array/port v0x557040c7a050, 938;
v0x557040c7a050_939 .array/port v0x557040c7a050, 939;
v0x557040c7a050_940 .array/port v0x557040c7a050, 940;
E_0x557040be2990/235 .event edge, v0x557040c7a050_937, v0x557040c7a050_938, v0x557040c7a050_939, v0x557040c7a050_940;
v0x557040c7a050_941 .array/port v0x557040c7a050, 941;
v0x557040c7a050_942 .array/port v0x557040c7a050, 942;
v0x557040c7a050_943 .array/port v0x557040c7a050, 943;
v0x557040c7a050_944 .array/port v0x557040c7a050, 944;
E_0x557040be2990/236 .event edge, v0x557040c7a050_941, v0x557040c7a050_942, v0x557040c7a050_943, v0x557040c7a050_944;
v0x557040c7a050_945 .array/port v0x557040c7a050, 945;
v0x557040c7a050_946 .array/port v0x557040c7a050, 946;
v0x557040c7a050_947 .array/port v0x557040c7a050, 947;
v0x557040c7a050_948 .array/port v0x557040c7a050, 948;
E_0x557040be2990/237 .event edge, v0x557040c7a050_945, v0x557040c7a050_946, v0x557040c7a050_947, v0x557040c7a050_948;
v0x557040c7a050_949 .array/port v0x557040c7a050, 949;
v0x557040c7a050_950 .array/port v0x557040c7a050, 950;
v0x557040c7a050_951 .array/port v0x557040c7a050, 951;
v0x557040c7a050_952 .array/port v0x557040c7a050, 952;
E_0x557040be2990/238 .event edge, v0x557040c7a050_949, v0x557040c7a050_950, v0x557040c7a050_951, v0x557040c7a050_952;
v0x557040c7a050_953 .array/port v0x557040c7a050, 953;
v0x557040c7a050_954 .array/port v0x557040c7a050, 954;
v0x557040c7a050_955 .array/port v0x557040c7a050, 955;
v0x557040c7a050_956 .array/port v0x557040c7a050, 956;
E_0x557040be2990/239 .event edge, v0x557040c7a050_953, v0x557040c7a050_954, v0x557040c7a050_955, v0x557040c7a050_956;
v0x557040c7a050_957 .array/port v0x557040c7a050, 957;
v0x557040c7a050_958 .array/port v0x557040c7a050, 958;
v0x557040c7a050_959 .array/port v0x557040c7a050, 959;
v0x557040c7a050_960 .array/port v0x557040c7a050, 960;
E_0x557040be2990/240 .event edge, v0x557040c7a050_957, v0x557040c7a050_958, v0x557040c7a050_959, v0x557040c7a050_960;
v0x557040c7a050_961 .array/port v0x557040c7a050, 961;
v0x557040c7a050_962 .array/port v0x557040c7a050, 962;
v0x557040c7a050_963 .array/port v0x557040c7a050, 963;
v0x557040c7a050_964 .array/port v0x557040c7a050, 964;
E_0x557040be2990/241 .event edge, v0x557040c7a050_961, v0x557040c7a050_962, v0x557040c7a050_963, v0x557040c7a050_964;
v0x557040c7a050_965 .array/port v0x557040c7a050, 965;
v0x557040c7a050_966 .array/port v0x557040c7a050, 966;
v0x557040c7a050_967 .array/port v0x557040c7a050, 967;
v0x557040c7a050_968 .array/port v0x557040c7a050, 968;
E_0x557040be2990/242 .event edge, v0x557040c7a050_965, v0x557040c7a050_966, v0x557040c7a050_967, v0x557040c7a050_968;
v0x557040c7a050_969 .array/port v0x557040c7a050, 969;
v0x557040c7a050_970 .array/port v0x557040c7a050, 970;
v0x557040c7a050_971 .array/port v0x557040c7a050, 971;
v0x557040c7a050_972 .array/port v0x557040c7a050, 972;
E_0x557040be2990/243 .event edge, v0x557040c7a050_969, v0x557040c7a050_970, v0x557040c7a050_971, v0x557040c7a050_972;
v0x557040c7a050_973 .array/port v0x557040c7a050, 973;
v0x557040c7a050_974 .array/port v0x557040c7a050, 974;
v0x557040c7a050_975 .array/port v0x557040c7a050, 975;
v0x557040c7a050_976 .array/port v0x557040c7a050, 976;
E_0x557040be2990/244 .event edge, v0x557040c7a050_973, v0x557040c7a050_974, v0x557040c7a050_975, v0x557040c7a050_976;
v0x557040c7a050_977 .array/port v0x557040c7a050, 977;
v0x557040c7a050_978 .array/port v0x557040c7a050, 978;
v0x557040c7a050_979 .array/port v0x557040c7a050, 979;
v0x557040c7a050_980 .array/port v0x557040c7a050, 980;
E_0x557040be2990/245 .event edge, v0x557040c7a050_977, v0x557040c7a050_978, v0x557040c7a050_979, v0x557040c7a050_980;
v0x557040c7a050_981 .array/port v0x557040c7a050, 981;
v0x557040c7a050_982 .array/port v0x557040c7a050, 982;
v0x557040c7a050_983 .array/port v0x557040c7a050, 983;
v0x557040c7a050_984 .array/port v0x557040c7a050, 984;
E_0x557040be2990/246 .event edge, v0x557040c7a050_981, v0x557040c7a050_982, v0x557040c7a050_983, v0x557040c7a050_984;
v0x557040c7a050_985 .array/port v0x557040c7a050, 985;
v0x557040c7a050_986 .array/port v0x557040c7a050, 986;
v0x557040c7a050_987 .array/port v0x557040c7a050, 987;
v0x557040c7a050_988 .array/port v0x557040c7a050, 988;
E_0x557040be2990/247 .event edge, v0x557040c7a050_985, v0x557040c7a050_986, v0x557040c7a050_987, v0x557040c7a050_988;
v0x557040c7a050_989 .array/port v0x557040c7a050, 989;
v0x557040c7a050_990 .array/port v0x557040c7a050, 990;
v0x557040c7a050_991 .array/port v0x557040c7a050, 991;
v0x557040c7a050_992 .array/port v0x557040c7a050, 992;
E_0x557040be2990/248 .event edge, v0x557040c7a050_989, v0x557040c7a050_990, v0x557040c7a050_991, v0x557040c7a050_992;
v0x557040c7a050_993 .array/port v0x557040c7a050, 993;
v0x557040c7a050_994 .array/port v0x557040c7a050, 994;
v0x557040c7a050_995 .array/port v0x557040c7a050, 995;
v0x557040c7a050_996 .array/port v0x557040c7a050, 996;
E_0x557040be2990/249 .event edge, v0x557040c7a050_993, v0x557040c7a050_994, v0x557040c7a050_995, v0x557040c7a050_996;
v0x557040c7a050_997 .array/port v0x557040c7a050, 997;
v0x557040c7a050_998 .array/port v0x557040c7a050, 998;
v0x557040c7a050_999 .array/port v0x557040c7a050, 999;
v0x557040c7a050_1000 .array/port v0x557040c7a050, 1000;
E_0x557040be2990/250 .event edge, v0x557040c7a050_997, v0x557040c7a050_998, v0x557040c7a050_999, v0x557040c7a050_1000;
E_0x557040be2990/251 .event edge, v0x557040c79f70_0, v0x557040c79950_0, v0x557040c79d30_0, v0x557040c794f0_0;
E_0x557040be2990/252 .event edge, v0x557040c79bb0_0, v0x557040c79220_0, v0x557040c79160_0, v0x557040c79300_0;
E_0x557040be2990/253 .event edge, v0x557040c79430_0, v0x557040c79df0_0, v0x557040c79c70_0, v0x557040c79af0_0;
E_0x557040be2990/254 .event edge, v0x557040c795d0_0, v0x557040c79790_0;
E_0x557040be2990 .event/or E_0x557040be2990/0, E_0x557040be2990/1, E_0x557040be2990/2, E_0x557040be2990/3, E_0x557040be2990/4, E_0x557040be2990/5, E_0x557040be2990/6, E_0x557040be2990/7, E_0x557040be2990/8, E_0x557040be2990/9, E_0x557040be2990/10, E_0x557040be2990/11, E_0x557040be2990/12, E_0x557040be2990/13, E_0x557040be2990/14, E_0x557040be2990/15, E_0x557040be2990/16, E_0x557040be2990/17, E_0x557040be2990/18, E_0x557040be2990/19, E_0x557040be2990/20, E_0x557040be2990/21, E_0x557040be2990/22, E_0x557040be2990/23, E_0x557040be2990/24, E_0x557040be2990/25, E_0x557040be2990/26, E_0x557040be2990/27, E_0x557040be2990/28, E_0x557040be2990/29, E_0x557040be2990/30, E_0x557040be2990/31, E_0x557040be2990/32, E_0x557040be2990/33, E_0x557040be2990/34, E_0x557040be2990/35, E_0x557040be2990/36, E_0x557040be2990/37, E_0x557040be2990/38, E_0x557040be2990/39, E_0x557040be2990/40, E_0x557040be2990/41, E_0x557040be2990/42, E_0x557040be2990/43, E_0x557040be2990/44, E_0x557040be2990/45, E_0x557040be2990/46, E_0x557040be2990/47, E_0x557040be2990/48, E_0x557040be2990/49, E_0x557040be2990/50, E_0x557040be2990/51, E_0x557040be2990/52, E_0x557040be2990/53, E_0x557040be2990/54, E_0x557040be2990/55, E_0x557040be2990/56, E_0x557040be2990/57, E_0x557040be2990/58, E_0x557040be2990/59, E_0x557040be2990/60, E_0x557040be2990/61, E_0x557040be2990/62, E_0x557040be2990/63, E_0x557040be2990/64, E_0x557040be2990/65, E_0x557040be2990/66, E_0x557040be2990/67, E_0x557040be2990/68, E_0x557040be2990/69, E_0x557040be2990/70, E_0x557040be2990/71, E_0x557040be2990/72, E_0x557040be2990/73, E_0x557040be2990/74, E_0x557040be2990/75, E_0x557040be2990/76, E_0x557040be2990/77, E_0x557040be2990/78, E_0x557040be2990/79, E_0x557040be2990/80, E_0x557040be2990/81, E_0x557040be2990/82, E_0x557040be2990/83, E_0x557040be2990/84, E_0x557040be2990/85, E_0x557040be2990/86, E_0x557040be2990/87, E_0x557040be2990/88, E_0x557040be2990/89, E_0x557040be2990/90, E_0x557040be2990/91, E_0x557040be2990/92, E_0x557040be2990/93, E_0x557040be2990/94, E_0x557040be2990/95, E_0x557040be2990/96, E_0x557040be2990/97, E_0x557040be2990/98, E_0x557040be2990/99, E_0x557040be2990/100, E_0x557040be2990/101, E_0x557040be2990/102, E_0x557040be2990/103, E_0x557040be2990/104, E_0x557040be2990/105, E_0x557040be2990/106, E_0x557040be2990/107, E_0x557040be2990/108, E_0x557040be2990/109, E_0x557040be2990/110, E_0x557040be2990/111, E_0x557040be2990/112, E_0x557040be2990/113, E_0x557040be2990/114, E_0x557040be2990/115, E_0x557040be2990/116, E_0x557040be2990/117, E_0x557040be2990/118, E_0x557040be2990/119, E_0x557040be2990/120, E_0x557040be2990/121, E_0x557040be2990/122, E_0x557040be2990/123, E_0x557040be2990/124, E_0x557040be2990/125, E_0x557040be2990/126, E_0x557040be2990/127, E_0x557040be2990/128, E_0x557040be2990/129, E_0x557040be2990/130, E_0x557040be2990/131, E_0x557040be2990/132, E_0x557040be2990/133, E_0x557040be2990/134, E_0x557040be2990/135, E_0x557040be2990/136, E_0x557040be2990/137, E_0x557040be2990/138, E_0x557040be2990/139, E_0x557040be2990/140, E_0x557040be2990/141, E_0x557040be2990/142, E_0x557040be2990/143, E_0x557040be2990/144, E_0x557040be2990/145, E_0x557040be2990/146, E_0x557040be2990/147, E_0x557040be2990/148, E_0x557040be2990/149, E_0x557040be2990/150, E_0x557040be2990/151, E_0x557040be2990/152, E_0x557040be2990/153, E_0x557040be2990/154, E_0x557040be2990/155, E_0x557040be2990/156, E_0x557040be2990/157, E_0x557040be2990/158, E_0x557040be2990/159, E_0x557040be2990/160, E_0x557040be2990/161, E_0x557040be2990/162, E_0x557040be2990/163, E_0x557040be2990/164, E_0x557040be2990/165, E_0x557040be2990/166, E_0x557040be2990/167, E_0x557040be2990/168, E_0x557040be2990/169, E_0x557040be2990/170, E_0x557040be2990/171, E_0x557040be2990/172, E_0x557040be2990/173, E_0x557040be2990/174, E_0x557040be2990/175, E_0x557040be2990/176, E_0x557040be2990/177, E_0x557040be2990/178, E_0x557040be2990/179, E_0x557040be2990/180, E_0x557040be2990/181, E_0x557040be2990/182, E_0x557040be2990/183, E_0x557040be2990/184, E_0x557040be2990/185, E_0x557040be2990/186, E_0x557040be2990/187, E_0x557040be2990/188, E_0x557040be2990/189, E_0x557040be2990/190, E_0x557040be2990/191, E_0x557040be2990/192, E_0x557040be2990/193, E_0x557040be2990/194, E_0x557040be2990/195, E_0x557040be2990/196, E_0x557040be2990/197, E_0x557040be2990/198, E_0x557040be2990/199, E_0x557040be2990/200, E_0x557040be2990/201, E_0x557040be2990/202, E_0x557040be2990/203, E_0x557040be2990/204, E_0x557040be2990/205, E_0x557040be2990/206, E_0x557040be2990/207, E_0x557040be2990/208, E_0x557040be2990/209, E_0x557040be2990/210, E_0x557040be2990/211, E_0x557040be2990/212, E_0x557040be2990/213, E_0x557040be2990/214, E_0x557040be2990/215, E_0x557040be2990/216, E_0x557040be2990/217, E_0x557040be2990/218, E_0x557040be2990/219, E_0x557040be2990/220, E_0x557040be2990/221, E_0x557040be2990/222, E_0x557040be2990/223, E_0x557040be2990/224, E_0x557040be2990/225, E_0x557040be2990/226, E_0x557040be2990/227, E_0x557040be2990/228, E_0x557040be2990/229, E_0x557040be2990/230, E_0x557040be2990/231, E_0x557040be2990/232, E_0x557040be2990/233, E_0x557040be2990/234, E_0x557040be2990/235, E_0x557040be2990/236, E_0x557040be2990/237, E_0x557040be2990/238, E_0x557040be2990/239, E_0x557040be2990/240, E_0x557040be2990/241, E_0x557040be2990/242, E_0x557040be2990/243, E_0x557040be2990/244, E_0x557040be2990/245, E_0x557040be2990/246, E_0x557040be2990/247, E_0x557040be2990/248, E_0x557040be2990/249, E_0x557040be2990/250, E_0x557040be2990/251, E_0x557040be2990/252, E_0x557040be2990/253, E_0x557040be2990/254;
    .scope S_0x557040c554f0;
T_0 ;
    %wait E_0x557040be2990;
    %load/vec4 v0x557040c79eb0_0;
    %flag_set/vec4 8;
    %jmp/0xz  T_0.0, 8;
    %pushi/vec4 0, 0, 2;
    %store/vec4 v0x557040c79f70_0, 0, 2;
    %pushi/vec4 0, 0, 32;
    %store/vec4 v0x557040c79790_0, 0, 32;
    %pushi/vec4 0, 0, 32;
    %store/vec4 v0x557040c795d0_0, 0, 32;
    %pushi/vec4 0, 0, 32;
    %store/vec4 v0x557040c796b0_0, 0, 32;
T_0.2 ;
    %load/vec4 v0x557040c796b0_0;
    %cmpi/s 17, 0, 32;
    %flag_or 5, 4;
    %jmp/0xz T_0.3, 5;
    %pushi/vec4 0, 0, 2;
    %ix/getv/s 4, v0x557040c796b0_0;
    %store/vec4a v0x557040c7a050, 4, 0;
    %load/vec4 v0x557040c796b0_0;
    %pushi/vec4 1, 0, 32;
    %add;
    %store/vec4 v0x557040c796b0_0, 0, 32;
    %jmp T_0.2;
T_0.3 ;
    %jmp T_0.1;
T_0.0 ;
    %ix/getv 4, v0x557040be22c0_0;
    %load/vec4a v0x557040c7a050, 4;
    %store/vec4 v0x557040c79f70_0, 0, 2;
    %load/vec4 v0x557040c79f70_0;
    %cmpi/e 0, 0, 2;
    %flag_mov 8, 4;
    %load/vec4 v0x557040c79f70_0;
    %cmpi/e 1, 0, 2;
    %flag_or 4, 8;
    %jmp/0xz  T_0.4, 4;
    %load/vec4 v0x557040c79950_0;
    %store/vec4 v0x557040c79870_0, 0, 32;
    %load/vec4 v0x557040c79d30_0;
    %store/vec4 v0x557040c79a30_0, 0, 1;
    %jmp T_0.5;
T_0.4 ;
    %load/vec4 v0x557040c794f0_0;
    %store/vec4 v0x557040c79870_0, 0, 32;
    %load/vec4 v0x557040c79bb0_0;
    %store/vec4 v0x557040c79a30_0, 0, 1;
T_0.5 ;
    %load/vec4 v0x557040c79220_0;
    %parti/s 1, 3, 3;
    %store/vec4 v0x557040c79df0_0, 0, 1;
    %load/vec4 v0x557040c79160_0;
    %parti/s 1, 3, 3;
    %store/vec4 v0x557040c79c70_0, 0, 1;
    %load/vec4 v0x557040c79300_0;
    %parti/s 1, 3, 3;
    %store/vec4 v0x557040c79af0_0, 0, 1;
    %load/vec4 v0x557040c79430_0;
    %pad/u 32;
    %pushi/vec4 0, 0, 32;
    %cmp/e;
    %flag_get/vec4 4;
    %load/vec4 v0x557040c79df0_0;
    %pad/u 32;
    %pushi/vec4 1, 0, 32;
    %cmp/e;
    %flag_get/vec4 4;
    %and;
    %load/vec4 v0x557040c79c70_0;
    %pad/u 32;
    %pushi/vec4 0, 0, 32;
    %cmp/e;
    %flag_get/vec4 4;
    %and;
    %flag_set/vec4 8;
    %jmp/0xz  T_0.6, 8;
    %load/vec4 v0x557040c79f70_0;
    %cmpi/e 3, 0, 2;
    %jmp/0xz  T_0.8, 4;
    %ix/getv 4, v0x557040be22c0_0;
    %load/vec4a v0x557040c7a050, 4;
    %ix/getv 4, v0x557040be22c0_0;
    %store/vec4a v0x557040c7a050, 4, 0;
    %jmp T_0.9;
T_0.8 ;
    %ix/getv 4, v0x557040be22c0_0;
    %load/vec4a v0x557040c7a050, 4;
    %addi 1, 0, 2;
    %ix/getv 4, v0x557040be22c0_0;
    %store/vec4a v0x557040c7a050, 4, 0;
T_0.9 ;
    %jmp T_0.7;
T_0.6 ;
    %load/vec4 v0x557040c79430_0;
    %pad/u 32;
    %pushi/vec4 0, 0, 32;
    %cmp/e;
    %flag_get/vec4 4;
    %load/vec4 v0x557040c79df0_0;
    %pad/u 32;
    %pushi/vec4 0, 0, 32;
    %cmp/e;
    %flag_get/vec4 4;
    %and;
    %load/vec4 v0x557040c79c70_0;
    %pad/u 32;
    %pushi/vec4 1, 0, 32;
    %cmp/e;
    %flag_get/vec4 4;
    %and;
    %flag_set/vec4 8;
    %jmp/0xz  T_0.10, 8;
    %load/vec4 v0x557040c79f70_0;
    %cmpi/e 0, 0, 2;
    %jmp/0xz  T_0.12, 4;
    %ix/getv 4, v0x557040be22c0_0;
    %load/vec4a v0x557040c7a050, 4;
    %ix/getv 4, v0x557040be22c0_0;
    %store/vec4a v0x557040c7a050, 4, 0;
    %jmp T_0.13;
T_0.12 ;
    %ix/getv 4, v0x557040be22c0_0;
    %load/vec4a v0x557040c7a050, 4;
    %subi 1, 0, 2;
    %ix/getv 4, v0x557040be22c0_0;
    %store/vec4a v0x557040c7a050, 4, 0;
T_0.13 ;
    %jmp T_0.11;
T_0.10 ;
    %load/vec4 v0x557040c79430_0;
    %pad/u 32;
    %pushi/vec4 1, 0, 32;
    %cmp/e;
    %flag_get/vec4 4;
    %load/vec4 v0x557040c79df0_0;
    %pad/u 32;
    %pushi/vec4 1, 0, 32;
    %cmp/e;
    %flag_get/vec4 4;
    %and;
    %load/vec4 v0x557040c79c70_0;
    %pad/u 32;
    %pushi/vec4 0, 0, 32;
    %cmp/e;
    %flag_get/vec4 4;
    %and;
    %flag_set/vec4 8;
    %jmp/0xz  T_0.14, 8;
    %load/vec4 v0x557040c79f70_0;
    %cmpi/e 0, 0, 2;
    %jmp/0xz  T_0.16, 4;
    %ix/getv 4, v0x557040be22c0_0;
    %load/vec4a v0x557040c7a050, 4;
    %ix/getv 4, v0x557040be22c0_0;
    %store/vec4a v0x557040c7a050, 4, 0;
    %jmp T_0.17;
T_0.16 ;
    %ix/getv 4, v0x557040be22c0_0;
    %load/vec4a v0x557040c7a050, 4;
    %subi 1, 0, 2;
    %ix/getv 4, v0x557040be22c0_0;
    %store/vec4a v0x557040c7a050, 4, 0;
T_0.17 ;
    %jmp T_0.15;
T_0.14 ;
    %load/vec4 v0x557040c79430_0;
    %pad/u 32;
    %pushi/vec4 1, 0, 32;
    %cmp/e;
    %flag_get/vec4 4;
    %load/vec4 v0x557040c79df0_0;
    %pad/u 32;
    %pushi/vec4 0, 0, 32;
    %cmp/e;
    %flag_get/vec4 4;
    %and;
    %load/vec4 v0x557040c79c70_0;
    %pad/u 32;
    %pushi/vec4 1, 0, 32;
    %cmp/e;
    %flag_get/vec4 4;
    %and;
    %flag_set/vec4 8;
    %jmp/0xz  T_0.18, 8;
    %load/vec4 v0x557040c79f70_0;
    %cmpi/e 3, 0, 2;
    %jmp/0xz  T_0.20, 4;
    %ix/getv 4, v0x557040be22c0_0;
    %load/vec4a v0x557040c7a050, 4;
    %ix/getv 4, v0x557040be22c0_0;
    %store/vec4a v0x557040c7a050, 4, 0;
    %jmp T_0.21;
T_0.20 ;
    %ix/getv 4, v0x557040be22c0_0;
    %load/vec4a v0x557040c7a050, 4;
    %addi 1, 0, 2;
    %ix/getv 4, v0x557040be22c0_0;
    %store/vec4a v0x557040c7a050, 4, 0;
T_0.21 ;
    %jmp T_0.19;
T_0.18 ;
    %ix/getv 4, v0x557040be22c0_0;
    %load/vec4a v0x557040c7a050, 4;
    %ix/getv 4, v0x557040be22c0_0;
    %store/vec4a v0x557040c7a050, 4, 0;
T_0.19 ;
T_0.15 ;
T_0.11 ;
T_0.7 ;
    %load/vec4 v0x557040c79430_0;
    %load/vec4 v0x557040c79af0_0;
    %cmp/e;
    %jmp/0xz  T_0.22, 4;
    %load/vec4 v0x557040c795d0_0;
    %addi 1, 0, 32;
    %store/vec4 v0x557040c795d0_0, 0, 32;
    %jmp T_0.23;
T_0.22 ;
    %load/vec4 v0x557040c79790_0;
    %addi 1, 0, 32;
    %store/vec4 v0x557040c79790_0, 0, 32;
T_0.23 ;
T_0.1 ;
    %jmp T_0;
    .thread T_0, $push;
    .scope S_0x557040c554f0;
T_1 ;
    %wait E_0x557040c1afb0;
    %load/vec4 v0x557040c79eb0_0;
    %flag_set/vec4 8;
    %jmp/0xz  T_1.0, 8;
    %pushi/vec4 0, 0, 1;
    %assign/vec4 v0x557040c79df0_0, 0;
    %pushi/vec4 0, 0, 1;
    %assign/vec4 v0x557040c79c70_0, 0;
    %pushi/vec4 0, 0, 1;
    %assign/vec4 v0x557040c79af0_0, 0;
    %pushi/vec4 0, 0, 4;
    %assign/vec4 v0x557040c79220_0, 0;
    %pushi/vec4 0, 0, 4;
    %assign/vec4 v0x557040c79160_0, 0;
    %pushi/vec4 0, 0, 4;
    %assign/vec4 v0x557040c79300_0, 0;
    %jmp T_1.1;
T_1.0 ;
    %load/vec4 v0x557040c79d30_0;
    %ix/load 4, 0, 0;
    %ix/load 5, 0, 0;
    %flag_set/imm 4, 0;
    %assign/vec4/off/d v0x557040c79220_0, 4, 5;
    %load/vec4 v0x557040c79220_0;
    %ix/load 4, 1, 0;
    %flag_set/imm 4, 0;
    %shiftr 4;
    %assign/vec4 v0x557040c79220_0, 0;
    %load/vec4 v0x557040c79bb0_0;
    %ix/load 4, 0, 0;
    %ix/load 5, 0, 0;
    %flag_set/imm 4, 0;
    %assign/vec4/off/d v0x557040c79160_0, 4, 5;
    %load/vec4 v0x557040c79160_0;
    %ix/load 4, 1, 0;
    %flag_set/imm 4, 0;
    %shiftr 4;
    %assign/vec4 v0x557040c79160_0, 0;
    %load/vec4 v0x557040c79a30_0;
    %ix/load 4, 0, 0;
    %ix/load 5, 0, 0;
    %flag_set/imm 4, 0;
    %assign/vec4/off/d v0x557040c79300_0, 4, 5;
    %load/vec4 v0x557040c79300_0;
    %ix/load 4, 1, 0;
    %flag_set/imm 4, 0;
    %shiftr 4;
    %assign/vec4 v0x557040c79300_0, 0;
T_1.1 ;
    %jmp T_1;
    .thread T_1;
# The file index is used to find the file name in the following table.
:file_names 3;
    "N/A";
    "<interactive>";
    "tournament.v";
